{"/home/travis/build/npmtest/node-npmtest-mupx/test.js":{"path":"/home/travis/build/npmtest/node-npmtest-mupx/test.js","s":{"1":2,"2":2,"3":2,"4":2,"5":2,"6":2,"7":2,"8":1,"9":2,"10":2,"11":1,"12":1,"13":1,"14":1,"15":2,"16":2,"17":2,"18":2,"19":1,"20":1,"21":2,"22":2,"23":2,"24":1,"25":1,"26":1,"27":1,"28":1,"29":1,"30":1,"31":1,"32":1,"33":1,"34":1,"35":1,"36":1,"37":1,"38":1,"39":2,"40":2,"41":1,"42":2,"43":2,"44":1,"45":2,"46":2,"47":1,"48":2,"49":2,"50":1,"51":1,"52":1,"53":1,"54":1},"b":{"1":[2,1,1,1],"2":[1,1,1,1],"3":[1,1],"4":[1,1],"5":[1,1],"6":[1,1],"7":[1,1],"8":[1,1],"9":[1,1],"10":[1,1,1],"11":[1,1],"12":[1,1],"13":[1,1],"14":[1,1],"15":[1,1],"16":[1,1],"17":[1,1]},"f":{"1":2,"2":2,"3":2,"4":2,"5":2,"6":1,"7":1,"8":1,"9":2,"10":2,"11":2,"12":2,"13":1},"fnMap":{"1":{"name":"(anonymous_1)","line":12,"loc":{"start":{"line":12,"column":1},"end":{"line":12,"column":13}}},"2":{"name":"(anonymous_2)","line":19,"loc":{"start":{"line":19,"column":5},"end":{"line":19,"column":17}}},"3":{"name":"(anonymous_3)","line":23,"loc":{"start":{"line":23,"column":24},"end":{"line":23,"column":36}}},"4":{"name":"(anonymous_4)","line":61,"loc":{"start":{"line":61,"column":5},"end":{"line":61,"column":17}}},"5":{"name":"(anonymous_5)","line":82,"loc":{"start":{"line":82,"column":5},"end":{"line":82,"column":17}}},"6":{"name":"(anonymous_6)","line":91,"loc":{"start":{"line":91,"column":77},"end":{"line":94,"column":10}}},"7":{"name":"(anonymous_7)","line":112,"loc":{"start":{"line":112,"column":83},"end":{"line":115,"column":10}},"skip":true},"8":{"name":"(anonymous_8)","line":123,"loc":{"start":{"line":123,"column":77},"end":{"line":126,"column":10}},"skip":true},"9":{"name":"(anonymous_9)","line":139,"loc":{"start":{"line":139,"column":12},"end":{"line":139,"column":40}},"skip":true},"10":{"name":"(anonymous_10)","line":147,"loc":{"start":{"line":147,"column":77},"end":{"line":150,"column":10}},"skip":true},"11":{"name":"(anonymous_11)","line":158,"loc":{"start":{"line":158,"column":83},"end":{"line":161,"column":10}},"skip":true},"12":{"name":"(anonymous_12)","line":169,"loc":{"start":{"line":169,"column":79},"end":{"line":172,"column":10}},"skip":true},"13":{"name":"(anonymous_13)","line":180,"loc":{"start":{"line":180,"column":75},"end":{"line":183,"column":10}},"skip":true}},"statementMap":{"1":{"start":{"line":12,"column":0},"end":{"line":195,"column":5}},"2":{"start":{"line":14,"column":4},"end":{"line":14,"column":14}},"3":{"start":{"line":19,"column":4},"end":{"line":56,"column":9}},"4":{"start":{"line":21,"column":8},"end":{"line":21,"column":19}},"5":{"start":{"line":23,"column":8},"end":{"line":35,"column":13}},"6":{"start":{"line":24,"column":12},"end":{"line":34,"column":13}},"7":{"start":{"line":25,"column":16},"end":{"line":28,"column":30}},"8":{"start":{"line":30,"column":16},"end":{"line":33,"column":27}},"9":{"start":{"line":37,"column":8},"end":{"line":39,"column":21}},"10":{"start":{"line":40,"column":8},"end":{"line":53,"column":9}},"11":{"start":{"line":43,"column":12},"end":{"line":46,"column":14}},"12":{"start":{"line":47,"column":12},"end":{"line":47,"column":18}},"13":{"start":{"line":50,"column":12},"end":{"line":51,"column":46}},"14":{"start":{"line":52,"column":12},"end":{"line":52,"column":18}},"15":{"start":{"line":55,"column":8},"end":{"line":55,"column":35}},"16":{"start":{"line":61,"column":4},"end":{"line":63,"column":9}},"17":{"start":{"line":62,"column":8},"end":{"line":62,"column":15}},"18":{"start":{"line":64,"column":4},"end":{"line":77,"column":5}},"19":{"start":{"line":70,"column":8},"end":{"line":70,"column":14}},"20":{"start":{"line":76,"column":8},"end":{"line":76,"column":14}},"21":{"start":{"line":82,"column":4},"end":{"line":84,"column":9}},"22":{"start":{"line":83,"column":8},"end":{"line":83,"column":15}},"23":{"start":{"line":85,"column":4},"end":{"line":194,"column":5}},"24":{"start":{"line":91,"column":8},"end":{"line":99,"column":10}},"25":{"start":{"line":98,"column":12},"end":{"line":98,"column":35}},"26":{"start":{"line":102,"column":8},"end":{"line":104,"column":63}},"27":{"start":{"line":105,"column":8},"end":{"line":105,"column":14}},"28":{"start":{"line":112,"column":8},"end":{"line":121,"column":10},"skip":true},"29":{"start":{"line":119,"column":12},"end":{"line":119,"column":55},"skip":true},"30":{"start":{"line":120,"column":12},"end":{"line":120,"column":48},"skip":true},"31":{"start":{"line":123,"column":8},"end":{"line":136,"column":10},"skip":true},"32":{"start":{"line":130,"column":12},"end":{"line":130,"column":76},"skip":true},"33":{"start":{"line":131,"column":12},"end":{"line":131,"column":73},"skip":true},"34":{"start":{"line":132,"column":12},"end":{"line":132,"column":74},"skip":true},"35":{"start":{"line":133,"column":12},"end":{"line":133,"column":79},"skip":true},"36":{"start":{"line":134,"column":12},"end":{"line":134,"column":25},"skip":true},"37":{"start":{"line":135,"column":12},"end":{"line":135,"column":45},"skip":true},"38":{"start":{"line":138,"column":8},"end":{"line":145,"column":14},"skip":true},"39":{"start":{"line":143,"column":16},"end":{"line":143,"column":29},"skip":true},"40":{"start":{"line":144,"column":16},"end":{"line":144,"column":55},"skip":true},"41":{"start":{"line":147,"column":8},"end":{"line":156,"column":10},"skip":true},"42":{"start":{"line":154,"column":12},"end":{"line":154,"column":25},"skip":true},"43":{"start":{"line":155,"column":12},"end":{"line":155,"column":45},"skip":true},"44":{"start":{"line":158,"column":8},"end":{"line":167,"column":10},"skip":true},"45":{"start":{"line":165,"column":12},"end":{"line":165,"column":25},"skip":true},"46":{"start":{"line":166,"column":12},"end":{"line":166,"column":48},"skip":true},"47":{"start":{"line":169,"column":8},"end":{"line":178,"column":10},"skip":true},"48":{"start":{"line":176,"column":12},"end":{"line":176,"column":25},"skip":true},"49":{"start":{"line":177,"column":12},"end":{"line":177,"column":46},"skip":true},"50":{"start":{"line":180,"column":8},"end":{"line":189,"column":10},"skip":true},"51":{"start":{"line":187,"column":12},"end":{"line":187,"column":94},"skip":true},"52":{"start":{"line":188,"column":12},"end":{"line":188,"column":48},"skip":true},"53":{"start":{"line":192,"column":8},"end":{"line":192,"column":35},"skip":true},"54":{"start":{"line":193,"column":8},"end":{"line":193,"column":14},"skip":true}},"branchMap":{"1":{"line":25,"type":"binary-expr","locations":[{"start":{"line":25,"column":23},"end":{"line":25,"column":62}},{"start":{"line":26,"column":20},"end":{"line":26,"column":70}},{"start":{"line":27,"column":20},"end":{"line":27,"column":71}},{"start":{"line":28,"column":20},"end":{"line":28,"column":29}}]},"2":{"line":30,"type":"binary-expr","locations":[{"start":{"line":30,"column":23},"end":{"line":30,"column":37}},{"start":{"line":31,"column":20},"end":{"line":31,"column":61}},{"start":{"line":32,"column":20},"end":{"line":32,"column":70}},{"start":{"line":33,"column":20},"end":{"line":33,"column":26}}]},"3":{"line":37,"type":"cond-expr","locations":[{"start":{"line":38,"column":14},"end":{"line":38,"column":20}},{"start":{"line":39,"column":14},"end":{"line":39,"column":20}}]},"4":{"line":40,"type":"switch","locations":[{"start":{"line":42,"column":8},"end":{"line":47,"column":18}},{"start":{"line":49,"column":8},"end":{"line":52,"column":18}}]},"5":{"line":44,"type":"binary-expr","locations":[{"start":{"line":44,"column":16},"end":{"line":44,"column":44}},{"start":{"line":44,"column":48},"end":{"line":44,"column":66}}]},"6":{"line":50,"type":"binary-expr","locations":[{"start":{"line":50,"column":21},"end":{"line":50,"column":49}},{"start":{"line":50,"column":53},"end":{"line":50,"column":72}}]},"7":{"line":64,"type":"switch","locations":[{"start":{"line":69,"column":4},"end":{"line":70,"column":14}},{"start":{"line":75,"column":4},"end":{"line":76,"column":14}}]},"8":{"line":85,"type":"switch","locations":[{"start":{"line":90,"column":4},"end":{"line":105,"column":14}},{"start":{"line":111,"column":4},"end":{"line":193,"column":14},"skip":true}]},"9":{"line":91,"type":"binary-expr","locations":[{"start":{"line":91,"column":42},"end":{"line":91,"column":73}},{"start":{"line":91,"column":77},"end":{"line":99,"column":9}}]},"10":{"line":102,"type":"binary-expr","locations":[{"start":{"line":102,"column":18},"end":{"line":102,"column":32}},{"start":{"line":103,"column":12},"end":{"line":103,"column":53}},{"start":{"line":104,"column":12},"end":{"line":104,"column":61}}]},"11":{"line":112,"type":"binary-expr","locations":[{"start":{"line":112,"column":45},"end":{"line":112,"column":79},"skip":true},{"start":{"line":112,"column":83},"end":{"line":121,"column":9},"skip":true}]},"12":{"line":123,"type":"binary-expr","locations":[{"start":{"line":123,"column":42},"end":{"line":123,"column":73},"skip":true},{"start":{"line":123,"column":77},"end":{"line":136,"column":9},"skip":true}]},"13":{"line":138,"type":"binary-expr","locations":[{"start":{"line":138,"column":48},"end":{"line":138,"column":85},"skip":true},{"start":{"line":139,"column":12},"end":{"line":145,"column":13},"skip":true}]},"14":{"line":147,"type":"binary-expr","locations":[{"start":{"line":147,"column":42},"end":{"line":147,"column":73},"skip":true},{"start":{"line":147,"column":77},"end":{"line":156,"column":9},"skip":true}]},"15":{"line":158,"type":"binary-expr","locations":[{"start":{"line":158,"column":45},"end":{"line":158,"column":79},"skip":true},{"start":{"line":158,"column":83},"end":{"line":167,"column":9},"skip":true}]},"16":{"line":169,"type":"binary-expr","locations":[{"start":{"line":169,"column":43},"end":{"line":169,"column":75},"skip":true},{"start":{"line":169,"column":79},"end":{"line":178,"column":9},"skip":true}]},"17":{"line":180,"type":"binary-expr","locations":[{"start":{"line":180,"column":41},"end":{"line":180,"column":71},"skip":true},{"start":{"line":180,"column":75},"end":{"line":189,"column":9},"skip":true}]}},"code":["/* istanbul instrument in package npmtest_mupx */","/*jslint","    bitwise: true,","    browser: true,","    maxerr: 8,","    maxlen: 96,","    node: true,","    nomen: true,","    regexp: true,","    stupid: true","*/","(function () {","    'use strict';","    var local;","","","","    // run shared js-env code - pre-init","    (function () {","        // init local","        local = {};","        // init modeJs","        local.modeJs = (function () {","            try {","                return typeof navigator.userAgent === 'string' &&","                    typeof document.querySelector('body') === 'object' &&","                    typeof XMLHttpRequest.prototype.open === 'function' &&","                    'browser';","            } catch (errorCaughtBrowser) {","                return module.exports &&","                    typeof process.versions.node === 'string' &&","                    typeof require('http').createServer === 'function' &&","                    'node';","            }","        }());","        // init global","        local.global = local.modeJs === 'browser'","            ? window","            : global;","        switch (local.modeJs) {","        // re-init local from window.local","        case 'browser':","            local = local.global.utility2.objectSetDefault(","                local.global.utility2_rollup || local.global.local,","                local.global.utility2","            );","            break;","        // re-init local from example.js","        case 'node':","            local = (local.global.utility2_rollup || require('utility2'))","                .requireExampleJsFromReadme();","            break;","        }","        // export local","        local.global.local = local;","    }());","","","","    // run shared js-env code - function","    (function () {","        return;","    }());","    switch (local.modeJs) {","","","","    // run browser js-env code - function","    case 'browser':","        break;","","","","    // run node js-env code - function","    case 'node':","        break;","    }","","","","    // run shared js-env code - post-init","    (function () {","        return;","    }());","    switch (local.modeJs) {","","","","    // run browser js-env code - post-init","    case 'browser':","        local.testCase_browser_nullCase = local.testCase_browser_nullCase || function (","            options,","            onError","        ) {","        /*","         * this function will test browsers's null-case handling-behavior-behavior","         */","            onError(null, options);","        };","","        // run tests","        local.nop(local.modeTest &&","            document.querySelector('#testRunButton1') &&","            document.querySelector('#testRunButton1').click());","        break;","","","","    // run node js-env code - post-init","    /* istanbul ignore next */","    case 'node':","        local.testCase_buildApidoc_default = local.testCase_buildApidoc_default || function (","            options,","            onError","        ) {","        /*","         * this function will test buildApidoc's default handling-behavior-behavior","         */","            options = { modulePathList: module.paths };","            local.buildApidoc(options, onError);","        };","","        local.testCase_buildApp_default = local.testCase_buildApp_default || function (","            options,","            onError","        ) {","        /*","         * this function will test buildApp's default handling-behavior-behavior","         */","            local.testCase_buildReadme_default(options, local.onErrorThrow);","            local.testCase_buildLib_default(options, local.onErrorThrow);","            local.testCase_buildTest_default(options, local.onErrorThrow);","            local.testCase_buildCustomOrg_default(options, local.onErrorThrow);","            options = [];","            local.buildApp(options, onError);","        };","","        local.testCase_buildCustomOrg_default = local.testCase_buildCustomOrg_default ||","            function (options, onError) {","            /*","             * this function will test buildCustomOrg's default handling-behavior","             */","                options = {};","                local.buildCustomOrg(options, onError);","            };","","        local.testCase_buildLib_default = local.testCase_buildLib_default || function (","            options,","            onError","        ) {","        /*","         * this function will test buildLib's default handling-behavior","         */","            options = {};","            local.buildLib(options, onError);","        };","","        local.testCase_buildReadme_default = local.testCase_buildReadme_default || function (","            options,","            onError","        ) {","        /*","         * this function will test buildReadme's default handling-behavior-behavior","         */","            options = {};","            local.buildReadme(options, onError);","        };","","        local.testCase_buildTest_default = local.testCase_buildTest_default || function (","            options,","            onError","        ) {","        /*","         * this function will test buildTest's default handling-behavior","         */","            options = {};","            local.buildTest(options, onError);","        };","","        local.testCase_webpage_default = local.testCase_webpage_default || function (","            options,","            onError","        ) {","        /*","         * this function will test webpage's default handling-behavior","         */","            options = { modeCoverageMerge: true, url: local.serverLocalHost + '?modeTest=1' };","            local.browserTest(options, onError);","        };","","        // run test-server","        local.testRunServer(local);","        break;","    }","}());",""],"l":{"12":2,"14":2,"19":2,"21":2,"23":2,"24":2,"25":2,"30":1,"37":2,"40":2,"43":1,"47":1,"50":1,"52":1,"55":2,"61":2,"62":2,"64":2,"70":1,"76":1,"82":2,"83":2,"85":2,"91":1,"98":1,"102":1,"105":1,"112":1,"119":1,"120":1,"123":1,"130":1,"131":1,"132":1,"133":1,"134":1,"135":1,"138":1,"143":2,"144":2,"147":1,"154":2,"155":2,"158":1,"165":2,"166":2,"169":1,"176":2,"177":2,"180":1,"187":1,"188":1,"192":1,"193":1}},"/home/travis/build/npmtest/node-npmtest-mupx/lib.npmtest_mupx.js":{"path":"/home/travis/build/npmtest/node-npmtest-mupx/lib.npmtest_mupx.js","s":{"1":2,"2":2,"3":2,"4":2,"5":2,"6":2,"7":2,"8":1,"9":2,"10":2,"11":2,"12":2,"13":1,"14":1,"15":1,"16":1},"b":{"1":[2,1,1,1],"2":[1,1,1,1],"3":[1,1],"4":[2,2],"5":[1,1]},"f":{"1":2,"2":2,"3":2},"fnMap":{"1":{"name":"(anonymous_1)","line":12,"loc":{"start":{"line":12,"column":1},"end":{"line":12,"column":13}}},"2":{"name":"(anonymous_2)","line":19,"loc":{"start":{"line":19,"column":5},"end":{"line":19,"column":17}}},"3":{"name":"(anonymous_3)","line":23,"loc":{"start":{"line":23,"column":24},"end":{"line":23,"column":36}}}},"statementMap":{"1":{"start":{"line":12,"column":0},"end":{"line":53,"column":5}},"2":{"start":{"line":14,"column":4},"end":{"line":14,"column":14}},"3":{"start":{"line":19,"column":4},"end":{"line":52,"column":9}},"4":{"start":{"line":21,"column":8},"end":{"line":21,"column":19}},"5":{"start":{"line":23,"column":8},"end":{"line":35,"column":13}},"6":{"start":{"line":24,"column":12},"end":{"line":34,"column":13}},"7":{"start":{"line":25,"column":16},"end":{"line":28,"column":30}},"8":{"start":{"line":30,"column":16},"end":{"line":33,"column":27}},"9":{"start":{"line":37,"column":8},"end":{"line":39,"column":21}},"10":{"start":{"line":41,"column":8},"end":{"line":41,"column":54}},"11":{"start":{"line":43,"column":8},"end":{"line":43,"column":49}},"12":{"start":{"line":45,"column":8},"end":{"line":51,"column":9}},"13":{"start":{"line":46,"column":12},"end":{"line":46,"column":55}},"14":{"start":{"line":48,"column":12},"end":{"line":48,"column":35}},"15":{"start":{"line":49,"column":12},"end":{"line":49,"column":49}},"16":{"start":{"line":50,"column":12},"end":{"line":50,"column":43}}},"branchMap":{"1":{"line":25,"type":"binary-expr","locations":[{"start":{"line":25,"column":23},"end":{"line":25,"column":62}},{"start":{"line":26,"column":20},"end":{"line":26,"column":70}},{"start":{"line":27,"column":20},"end":{"line":27,"column":71}},{"start":{"line":28,"column":20},"end":{"line":28,"column":29}}]},"2":{"line":30,"type":"binary-expr","locations":[{"start":{"line":30,"column":23},"end":{"line":30,"column":37}},{"start":{"line":31,"column":20},"end":{"line":31,"column":61}},{"start":{"line":32,"column":20},"end":{"line":32,"column":70}},{"start":{"line":33,"column":20},"end":{"line":33,"column":26}}]},"3":{"line":37,"type":"cond-expr","locations":[{"start":{"line":38,"column":14},"end":{"line":38,"column":20}},{"start":{"line":39,"column":14},"end":{"line":39,"column":20}}]},"4":{"line":41,"type":"binary-expr","locations":[{"start":{"line":41,"column":16},"end":{"line":41,"column":44}},{"start":{"line":41,"column":48},"end":{"line":41,"column":53}}]},"5":{"line":45,"type":"if","locations":[{"start":{"line":45,"column":8},"end":{"line":45,"column":8}},{"start":{"line":45,"column":8},"end":{"line":45,"column":8}}]}},"code":["/* istanbul instrument in package npmtest_mupx */","/*jslint","    bitwise: true,","    browser: true,","    maxerr: 8,","    maxlen: 96,","    node: true,","    nomen: true,","    regexp: true,","    stupid: true","*/","(function () {","    'use strict';","    var local;","","","","    // run shared js-env code - pre-init","    (function () {","        // init local","        local = {};","        // init modeJs","        local.modeJs = (function () {","            try {","                return typeof navigator.userAgent === 'string' &&","                    typeof document.querySelector('body') === 'object' &&","                    typeof XMLHttpRequest.prototype.open === 'function' &&","                    'browser';","            } catch (errorCaughtBrowser) {","                return module.exports &&","                    typeof process.versions.node === 'string' &&","                    typeof require('http').createServer === 'function' &&","                    'node';","            }","        }());","        // init global","        local.global = local.modeJs === 'browser'","            ? window","            : global;","        // init utility2_rollup","        local = local.global.utility2_rollup || local;","        // init lib","        local.local = local.npmtest_mupx = local;","        // init exports","        if (local.modeJs === 'browser') {","            local.global.utility2_npmtest_mupx = local;","        } else {","            module.exports = local;","            module.exports.__dirname = __dirname;","            module.exports.module = module;","        }","    }());","}());",""],"l":{"12":2,"14":2,"19":2,"21":2,"23":2,"24":2,"25":2,"30":1,"37":2,"41":2,"43":2,"45":2,"46":1,"48":1,"49":1,"50":1}},"/home/travis/build/npmtest/node-npmtest-mupx/example.js":{"path":"/home/travis/build/npmtest/node-npmtest-mupx/example.js","s":{"1":2,"2":2,"3":2,"4":2,"5":2,"6":2,"7":2,"8":1,"9":2,"10":2,"11":2,"12":2,"13":1,"14":2,"15":2,"16":2,"17":2,"18":2,"19":0,"20":2,"21":1,"22":1,"23":1,"24":1,"25":1,"26":0,"27":0,"28":1,"29":1,"30":2,"31":0,"32":0,"33":0,"34":1,"35":2,"36":2,"37":3,"38":3,"39":3,"40":3,"41":0,"42":3,"43":3,"44":3,"45":1,"46":3,"47":1,"48":1,"49":1,"50":1,"51":1,"52":1,"53":1,"54":1,"55":1,"56":1,"57":0,"58":1,"59":6,"60":6,"61":1,"62":2,"63":0,"64":2,"65":1,"66":1,"67":0,"68":0,"69":0,"70":0,"71":0,"72":0,"73":0,"74":0,"75":0,"76":0,"77":0,"78":0,"79":0,"80":0,"81":0,"82":0,"83":0},"b":{"1":[2,1,1,1],"2":[1,1,1,1],"3":[1,1],"4":[2,2],"5":[1,1],"6":[1,1],"7":[2,0],"8":[2,1,1,1,1,1],"9":[0,2,0],"10":[1,1],"11":[2,1,1],"12":[1,0],"13":[0,2],"14":[2,0,0,0,0,0,0],"15":[0,3],"16":[3,0],"17":[1,1],"18":[0,1],"19":[1,2,0,2],"20":[1,0],"21":[1,1],"22":[0,0],"23":[0,0],"24":[0,0],"25":[0,0],"26":[0,0],"27":[0,0],"28":[0,0]},"f":{"1":2,"2":2,"3":2,"4":2,"5":2,"6":2,"7":3,"8":3,"9":3,"10":1,"11":6,"12":0},"fnMap":{"1":{"name":"(anonymous_1)","line":26,"loc":{"start":{"line":26,"column":1},"end":{"line":26,"column":13}}},"2":{"name":"(anonymous_2)","line":33,"loc":{"start":{"line":33,"column":5},"end":{"line":33,"column":17}}},"3":{"name":"(anonymous_3)","line":37,"loc":{"start":{"line":37,"column":24},"end":{"line":37,"column":36}}},"4":{"name":"(anonymous_4)","line":69,"loc":{"start":{"line":69,"column":31},"end":{"line":69,"column":48}},"skip":true},"5":{"name":"(anonymous_5)","line":78,"loc":{"start":{"line":78,"column":26},"end":{"line":78,"column":45}},"skip":true},"6":{"name":"(anonymous_6)","line":123,"loc":{"start":{"line":123,"column":33},"end":{"line":123,"column":48}},"skip":true},"7":{"name":"(anonymous_7)","line":125,"loc":{"start":{"line":125,"column":27},"end":{"line":125,"column":39}},"skip":true},"8":{"name":"(anonymous_8)","line":133,"loc":{"start":{"line":133,"column":59},"end":{"line":133,"column":74}},"skip":true},"9":{"name":"(anonymous_9)","line":143,"loc":{"start":{"line":143,"column":45},"end":{"line":143,"column":62}},"skip":true},"10":{"name":"(anonymous_10)","line":144,"loc":{"start":{"line":144,"column":73},"end":{"line":144,"column":92}},"skip":true},"11":{"name":"(anonymous_11)","line":272,"loc":{"start":{"line":272,"column":51},"end":{"line":272,"column":77}},"skip":true},"12":{"name":"(anonymous_12)","line":315,"loc":{"start":{"line":315,"column":32},"end":{"line":315,"column":61}},"skip":true}},"statementMap":{"1":{"start":{"line":26,"column":0},"end":{"line":326,"column":5}},"2":{"start":{"line":28,"column":4},"end":{"line":28,"column":14}},"3":{"start":{"line":33,"column":4},"end":{"line":60,"column":9}},"4":{"start":{"line":35,"column":8},"end":{"line":35,"column":19}},"5":{"start":{"line":37,"column":8},"end":{"line":49,"column":13}},"6":{"start":{"line":38,"column":12},"end":{"line":48,"column":13}},"7":{"start":{"line":39,"column":16},"end":{"line":42,"column":30}},"8":{"start":{"line":44,"column":16},"end":{"line":47,"column":27}},"9":{"start":{"line":51,"column":8},"end":{"line":53,"column":21}},"10":{"start":{"line":55,"column":8},"end":{"line":57,"column":45}},"11":{"start":{"line":59,"column":8},"end":{"line":59,"column":35}},"12":{"start":{"line":61,"column":4},"end":{"line":325,"column":5}},"13":{"start":{"line":69,"column":8},"end":{"line":121,"column":10},"skip":true},"14":{"start":{"line":70,"column":12},"end":{"line":88,"column":13},"skip":true},"15":{"start":{"line":76,"column":16},"end":{"line":87,"column":19},"skip":true},"16":{"start":{"line":79,"column":20},"end":{"line":86,"column":21},"skip":true},"17":{"start":{"line":82,"column":24},"end":{"line":82,"column":43},"skip":true},"18":{"start":{"line":83,"column":24},"end":{"line":83,"column":30},"skip":true},"19":{"start":{"line":85,"column":24},"end":{"line":85,"column":49},"skip":true},"20":{"start":{"line":89,"column":12},"end":{"line":107,"column":13},"skip":true},"21":{"start":{"line":92,"column":16},"end":{"line":102,"column":17},"skip":true},"22":{"start":{"line":93,"column":20},"end":{"line":93,"column":86},"skip":true},"23":{"start":{"line":94,"column":20},"end":{"line":95,"column":45},"skip":true},"24":{"start":{"line":96,"column":20},"end":{"line":96,"column":42},"skip":true},"25":{"start":{"line":97,"column":20},"end":{"line":97,"column":48},"skip":true},"26":{"start":{"line":100,"column":20},"end":{"line":100,"column":85},"skip":true},"27":{"start":{"line":101,"column":20},"end":{"line":101,"column":96},"skip":true},"28":{"start":{"line":103,"column":16},"end":{"line":103,"column":22},"skip":true},"29":{"start":{"line":106,"column":16},"end":{"line":106,"column":22},"skip":true},"30":{"start":{"line":108,"column":12},"end":{"line":120,"column":13},"skip":true},"31":{"start":{"line":114,"column":16},"end":{"line":119,"column":17},"skip":true},"32":{"start":{"line":116,"column":20},"end":{"line":116,"column":78},"skip":true},"33":{"start":{"line":118,"column":20},"end":{"line":118,"column":47},"skip":true},"34":{"start":{"line":123,"column":8},"end":{"line":141,"column":11},"skip":true},"35":{"start":{"line":124,"column":12},"end":{"line":124,"column":54},"skip":true},"36":{"start":{"line":125,"column":12},"end":{"line":140,"column":14},"skip":true},"37":{"start":{"line":126,"column":16},"end":{"line":126,"column":28},"skip":true},"38":{"start":{"line":127,"column":16},"end":{"line":127,"column":69},"skip":true},"39":{"start":{"line":128,"column":16},"end":{"line":128,"column":75},"skip":true},"40":{"start":{"line":129,"column":16},"end":{"line":131,"column":17},"skip":true},"41":{"start":{"line":130,"column":20},"end":{"line":130,"column":27},"skip":true},"42":{"start":{"line":133,"column":16},"end":{"line":137,"column":36},"skip":true},"43":{"start":{"line":134,"column":20},"end":{"line":136,"column":55},"skip":true},"44":{"start":{"line":139,"column":16},"end":{"line":139,"column":57},"skip":true},"45":{"start":{"line":143,"column":8},"end":{"line":147,"column":11},"skip":true},"46":{"start":{"line":144,"column":12},"end":{"line":146,"column":15},"skip":true},"47":{"start":{"line":145,"column":16},"end":{"line":145,"column":70},"skip":true},"48":{"start":{"line":149,"column":8},"end":{"line":149,"column":31},"skip":true},"49":{"start":{"line":150,"column":8},"end":{"line":150,"column":14},"skip":true},"50":{"start":{"line":158,"column":8},"end":{"line":158,"column":31},"skip":true},"51":{"start":{"line":160,"column":8},"end":{"line":160,"column":33},"skip":true},"52":{"start":{"line":161,"column":8},"end":{"line":161,"column":37},"skip":true},"53":{"start":{"line":162,"column":8},"end":{"line":162,"column":35},"skip":true},"54":{"start":{"line":164,"column":8},"end":{"line":164,"column":50},"skip":true},"55":{"start":{"line":166,"column":8},"end":{"line":256,"column":2},"skip":true},"56":{"start":{"line":258,"column":8},"end":{"line":286,"column":9},"skip":true},"57":{"start":{"line":259,"column":12},"end":{"line":269,"column":14},"skip":true},"58":{"start":{"line":271,"column":12},"end":{"line":285,"column":19},"skip":true},"59":{"start":{"line":274,"column":20},"end":{"line":274,"column":35},"skip":true},"60":{"start":{"line":275,"column":20},"end":{"line":284,"column":21},"skip":true},"61":{"start":{"line":277,"column":24},"end":{"line":277,"column":64},"skip":true},"62":{"start":{"line":279,"column":24},"end":{"line":279,"column":40},"skip":true},"63":{"start":{"line":281,"column":24},"end":{"line":281,"column":40},"skip":true},"64":{"start":{"line":283,"column":24},"end":{"line":283,"column":39},"skip":true},"65":{"start":{"line":288,"column":8},"end":{"line":290,"column":9},"skip":true},"66":{"start":{"line":289,"column":12},"end":{"line":289,"column":18},"skip":true},"67":{"start":{"line":291,"column":8},"end":{"line":293,"column":54},"skip":true},"68":{"start":{"line":296,"column":8},"end":{"line":301,"column":37},"skip":true},"69":{"start":{"line":303,"column":8},"end":{"line":303,"column":82},"skip":true},"70":{"start":{"line":306,"column":8},"end":{"line":308,"column":9},"skip":true},"71":{"start":{"line":307,"column":12},"end":{"line":307,"column":82},"skip":true},"72":{"start":{"line":310,"column":8},"end":{"line":312,"column":9},"skip":true},"73":{"start":{"line":311,"column":12},"end":{"line":311,"column":18},"skip":true},"74":{"start":{"line":313,"column":8},"end":{"line":313,"column":54},"skip":true},"75":{"start":{"line":314,"column":8},"end":{"line":314,"column":69},"skip":true},"76":{"start":{"line":315,"column":8},"end":{"line":323,"column":36},"skip":true},"77":{"start":{"line":316,"column":12},"end":{"line":316,"column":61},"skip":true},"78":{"start":{"line":317,"column":12},"end":{"line":320,"column":13},"skip":true},"79":{"start":{"line":318,"column":16},"end":{"line":318,"column":75},"skip":true},"80":{"start":{"line":319,"column":16},"end":{"line":319,"column":23},"skip":true},"81":{"start":{"line":321,"column":12},"end":{"line":321,"column":38},"skip":true},"82":{"start":{"line":322,"column":12},"end":{"line":322,"column":27},"skip":true},"83":{"start":{"line":324,"column":8},"end":{"line":324,"column":14},"skip":true}},"branchMap":{"1":{"line":39,"type":"binary-expr","locations":[{"start":{"line":39,"column":23},"end":{"line":39,"column":62}},{"start":{"line":40,"column":20},"end":{"line":40,"column":70}},{"start":{"line":41,"column":20},"end":{"line":41,"column":71}},{"start":{"line":42,"column":20},"end":{"line":42,"column":29}}]},"2":{"line":44,"type":"binary-expr","locations":[{"start":{"line":44,"column":23},"end":{"line":44,"column":37}},{"start":{"line":45,"column":20},"end":{"line":45,"column":61}},{"start":{"line":46,"column":20},"end":{"line":46,"column":70}},{"start":{"line":47,"column":20},"end":{"line":47,"column":26}}]},"3":{"line":51,"type":"cond-expr","locations":[{"start":{"line":52,"column":14},"end":{"line":52,"column":20}},{"start":{"line":53,"column":14},"end":{"line":53,"column":20}}]},"4":{"line":55,"type":"binary-expr","locations":[{"start":{"line":55,"column":16},"end":{"line":55,"column":44}},{"start":{"line":55,"column":49},"end":{"line":57,"column":43}}]},"5":{"line":55,"type":"cond-expr","locations":[{"start":{"line":56,"column":14},"end":{"line":56,"column":48}},{"start":{"line":57,"column":14},"end":{"line":57,"column":43}}]},"6":{"line":61,"type":"switch","locations":[{"start":{"line":68,"column":4},"end":{"line":150,"column":14},"skip":true},{"start":{"line":156,"column":4},"end":{"line":324,"column":14},"skip":true}]},"7":{"line":70,"type":"if","locations":[{"start":{"line":70,"column":12},"end":{"line":70,"column":12},"skip":true},{"start":{"line":70,"column":12},"end":{"line":70,"column":12},"skip":true}]},"8":{"line":70,"type":"binary-expr","locations":[{"start":{"line":70,"column":16},"end":{"line":70,"column":22},"skip":true},{"start":{"line":70,"column":27},"end":{"line":70,"column":32},"skip":true},{"start":{"line":71,"column":20},"end":{"line":71,"column":39},"skip":true},{"start":{"line":72,"column":20},"end":{"line":72,"column":49},"skip":true},{"start":{"line":73,"column":20},"end":{"line":73,"column":58},"skip":true},{"start":{"line":74,"column":20},"end":{"line":74,"column":69},"skip":true}]},"9":{"line":79,"type":"switch","locations":[{"start":{"line":80,"column":20},"end":{"line":80,"column":33},"skip":true},{"start":{"line":81,"column":20},"end":{"line":83,"column":30},"skip":true},{"start":{"line":84,"column":20},"end":{"line":85,"column":49},"skip":true}]},"10":{"line":89,"type":"switch","locations":[{"start":{"line":90,"column":12},"end":{"line":103,"column":22},"skip":true},{"start":{"line":105,"column":12},"end":{"line":106,"column":22},"skip":true}]},"11":{"line":89,"type":"binary-expr","locations":[{"start":{"line":89,"column":20},"end":{"line":89,"column":25},"skip":true},{"start":{"line":89,"column":29},"end":{"line":89,"column":48},"skip":true},{"start":{"line":89,"column":52},"end":{"line":89,"column":74},"skip":true}]},"12":{"line":92,"type":"if","locations":[{"start":{"line":92,"column":16},"end":{"line":92,"column":16},"skip":true},{"start":{"line":92,"column":16},"end":{"line":92,"column":16},"skip":true}]},"13":{"line":108,"type":"if","locations":[{"start":{"line":108,"column":12},"end":{"line":108,"column":12},"skip":true},{"start":{"line":108,"column":12},"end":{"line":108,"column":12},"skip":true}]},"14":{"line":108,"type":"binary-expr","locations":[{"start":{"line":108,"column":16},"end":{"line":108,"column":61},"skip":true},{"start":{"line":108,"column":66},"end":{"line":108,"column":72},"skip":true},{"start":{"line":108,"column":77},"end":{"line":108,"column":82},"skip":true},{"start":{"line":109,"column":20},"end":{"line":109,"column":39},"skip":true},{"start":{"line":110,"column":20},"end":{"line":110,"column":49},"skip":true},{"start":{"line":111,"column":20},"end":{"line":111,"column":58},"skip":true},{"start":{"line":112,"column":20},"end":{"line":112,"column":68},"skip":true}]},"15":{"line":129,"type":"if","locations":[{"start":{"line":129,"column":16},"end":{"line":129,"column":16},"skip":true},{"start":{"line":129,"column":16},"end":{"line":129,"column":16},"skip":true}]},"16":{"line":134,"type":"cond-expr","locations":[{"start":{"line":135,"column":26},"end":{"line":135,"column":29},"skip":true},{"start":{"line":136,"column":26},"end":{"line":136,"column":54},"skip":true}]},"17":{"line":164,"type":"binary-expr","locations":[{"start":{"line":164,"column":27},"end":{"line":164,"column":43},"skip":true},{"start":{"line":164,"column":47},"end":{"line":164,"column":49},"skip":true}]},"18":{"line":258,"type":"if","locations":[{"start":{"line":258,"column":8},"end":{"line":258,"column":8},"skip":true},{"start":{"line":258,"column":8},"end":{"line":258,"column":8},"skip":true}]},"19":{"line":275,"type":"switch","locations":[{"start":{"line":276,"column":20},"end":{"line":277,"column":64},"skip":true},{"start":{"line":278,"column":20},"end":{"line":279,"column":40},"skip":true},{"start":{"line":280,"column":20},"end":{"line":281,"column":40},"skip":true},{"start":{"line":282,"column":20},"end":{"line":283,"column":39},"skip":true}]},"20":{"line":288,"type":"if","locations":[{"start":{"line":288,"column":8},"end":{"line":288,"column":8},"skip":true},{"start":{"line":288,"column":8},"end":{"line":288,"column":8},"skip":true}]},"21":{"line":288,"type":"binary-expr","locations":[{"start":{"line":288,"column":12},"end":{"line":288,"column":40},"skip":true},{"start":{"line":288,"column":44},"end":{"line":288,"column":67},"skip":true}]},"22":{"line":292,"type":"binary-expr","locations":[{"start":{"line":292,"column":12},"end":{"line":292,"column":50},"skip":true},{"start":{"line":293,"column":12},"end":{"line":293,"column":53},"skip":true}]},"23":{"line":297,"type":"binary-expr","locations":[{"start":{"line":297,"column":12},"end":{"line":297,"column":62},"skip":true},{"start":{"line":298,"column":12},"end":{"line":301,"column":36},"skip":true}]},"24":{"line":303,"type":"binary-expr","locations":[{"start":{"line":303,"column":43},"end":{"line":303,"column":75},"skip":true},{"start":{"line":303,"column":79},"end":{"line":303,"column":81},"skip":true}]},"25":{"line":306,"type":"if","locations":[{"start":{"line":306,"column":8},"end":{"line":306,"column":8},"skip":true},{"start":{"line":306,"column":8},"end":{"line":306,"column":8},"skip":true}]},"26":{"line":310,"type":"if","locations":[{"start":{"line":310,"column":8},"end":{"line":310,"column":8},"skip":true},{"start":{"line":310,"column":8},"end":{"line":310,"column":8},"skip":true}]},"27":{"line":313,"type":"binary-expr","locations":[{"start":{"line":313,"column":27},"end":{"line":313,"column":43},"skip":true},{"start":{"line":313,"column":47},"end":{"line":313,"column":53},"skip":true}]},"28":{"line":317,"type":"if","locations":[{"start":{"line":317,"column":12},"end":{"line":317,"column":12},"skip":true},{"start":{"line":317,"column":12},"end":{"line":317,"column":12},"skip":true}]}},"code":["/*","example.js","","quickstart example","","instruction","    1. save this script as example.js","    2. run the shell command:","        $ npm install npmtest-mupx && PORT=8081 node example.js","    3. play with the browser-demo on http://127.0.0.1:8081","*/","","","","/* istanbul instrument in package npmtest_mupx */","/*jslint","    bitwise: true,","    browser: true,","    maxerr: 8,","    maxlen: 96,","    node: true,","    nomen: true,","    regexp: true,","    stupid: true","*/","(function () {","    'use strict';","    var local;","","","","    // run shared js-env code - pre-init","    (function () {","        // init local","        local = {};","        // init modeJs","        local.modeJs = (function () {","            try {","                return typeof navigator.userAgent === 'string' &&","                    typeof document.querySelector('body') === 'object' &&","                    typeof XMLHttpRequest.prototype.open === 'function' &&","                    'browser';","            } catch (errorCaughtBrowser) {","                return module.exports &&","                    typeof process.versions.node === 'string' &&","                    typeof require('http').createServer === 'function' &&","                    'node';","            }","        }());","        // init global","        local.global = local.modeJs === 'browser'","            ? window","            : global;","        // init utility2_rollup","        local = local.global.utility2_rollup || (local.modeJs === 'browser'","            ? local.global.utility2_npmtest_mupx","            : global.utility2_moduleExports);","        // export local","        local.global.local = local;","    }());","    switch (local.modeJs) {","","","","    // post-init","    // run browser js-env code - post-init","    /* istanbul ignore next */","    case 'browser':","        local.testRunBrowser = function (event) {","            if (!event || (event &&","                    event.currentTarget &&","                    event.currentTarget.className &&","                    event.currentTarget.className.includes &&","                    event.currentTarget.className.includes('onreset'))) {","                // reset output","                Array.from(","                    document.querySelectorAll('body > .resettable')","                ).forEach(function (element) {","                    switch (element.tagName) {","                    case 'INPUT':","                    case 'TEXTAREA':","                        element.value = '';","                        break;","                    default:","                        element.textContent = '';","                    }","                });","            }","            switch (event && event.currentTarget && event.currentTarget.id) {","            case 'testRunButton1':","                // show tests","                if (document.querySelector('#testReportDiv1').style.display === 'none') {","                    document.querySelector('#testReportDiv1').style.display = 'block';","                    document.querySelector('#testRunButton1').textContent =","                        'hide internal test';","                    local.modeTest = true;","                    local.testRunDefault(local);","                // hide tests","                } else {","                    document.querySelector('#testReportDiv1').style.display = 'none';","                    document.querySelector('#testRunButton1').textContent = 'run internal test';","                }","                break;","            // custom-case","            default:","                break;","            }","            if (document.querySelector('#inputTextareaEval1') && (!event || (event &&","                    event.currentTarget &&","                    event.currentTarget.className &&","                    event.currentTarget.className.includes &&","                    event.currentTarget.className.includes('oneval')))) {","                // try to eval input-code","                try {","                    /*jslint evil: true*/","                    eval(document.querySelector('#inputTextareaEval1').value);","                } catch (errorCaught) {","                    console.error(errorCaught);","                }","            }","        };","        // log stderr and stdout to #outputTextareaStdout1","        ['error', 'log'].forEach(function (key) {","            console[key + '_original'] = console[key];","            console[key] = function () {","                var element;","                console[key + '_original'].apply(console, arguments);","                element = document.querySelector('#outputTextareaStdout1');","                if (!element) {","                    return;","                }","                // append text to #outputTextareaStdout1","                element.value += Array.from(arguments).map(function (arg) {","                    return typeof arg === 'string'","                        ? arg","                        : JSON.stringify(arg, null, 4);","                }).join(' ') + '\\n';","                // scroll textarea to bottom","                element.scrollTop = element.scrollHeight;","            };","        });","        // init event-handling","        ['change', 'click', 'keyup'].forEach(function (event) {","            Array.from(document.querySelectorAll('.on' + event)).forEach(function (element) {","                element.addEventListener(event, local.testRunBrowser);","            });","        });","        // run tests","        local.testRunBrowser();","        break;","","","","    // run node js-env code - post-init","    /* istanbul ignore next */","    case 'node':","        // export local","        module.exports = local;","        // require modules","        local.fs = require('fs');","        local.http = require('http');","        local.url = require('url');","        // init assets","        local.assetsDict = local.assetsDict || {};","        /* jslint-ignore-begin */","        local.assetsDict['/assets.index.template.html'] = '\\","<!doctype html>\\n\\","<html lang=\"en\">\\n\\","<head>\\n\\","<meta charset=\"UTF-8\">\\n\\","<meta name=\"viewport\" content=\"width=device-width, initial-scale=1\">\\n\\","<title>{{env.npm_package_name}} (v{{env.npm_package_version}})</title>\\n\\","<style>\\n\\","/*csslint\\n\\","    box-sizing: false,\\n\\","    universal-selector: false\\n\\","*/\\n\\","* {\\n\\","    box-sizing: border-box;\\n\\","}\\n\\","body {\\n\\","    background: #dde;\\n\\","    font-family: Arial, Helvetica, sans-serif;\\n\\","    margin: 2rem;\\n\\","}\\n\\","body > * {\\n\\","    margin-bottom: 1rem;\\n\\","}\\n\\",".utility2FooterDiv {\\n\\","    margin-top: 20px;\\n\\","    text-align: center;\\n\\","}\\n\\","</style>\\n\\","<style>\\n\\","/*csslint\\n\\","*/\\n\\","textarea {\\n\\","    font-family: monospace;\\n\\","    height: 10rem;\\n\\","    width: 100%;\\n\\","}\\n\\","textarea[readonly] {\\n\\","    background: #ddd;\\n\\","}\\n\\","</style>\\n\\","</head>\\n\\","<body>\\n\\","<!-- utility2-comment\\n\\","<div id=\"ajaxProgressDiv1\" style=\"background: #d00; height: 2px; left: 0; margin: 0; padding: 0; position: fixed; top: 0; transition: background 0.5s, width 1.5s; width: 25%;\"></div>\\n\\","utility2-comment -->\\n\\","<h1>\\n\\","<!-- utility2-comment\\n\\","    <a\\n\\","        {{#if env.npm_package_homepage}}\\n\\","        href=\"{{env.npm_package_homepage}}\"\\n\\","        {{/if env.npm_package_homepage}}\\n\\","        target=\"_blank\"\\n\\","    >\\n\\","utility2-comment -->\\n\\","        {{env.npm_package_name}} (v{{env.npm_package_version}})\\n\\","<!-- utility2-comment\\n\\","    </a>\\n\\","utility2-comment -->\\n\\","</h1>\\n\\","<h3>{{env.npm_package_description}}</h3>\\n\\","<!-- utility2-comment\\n\\","<h4><a download href=\"assets.app.js\">download standalone app</a></h4>\\n\\","<button class=\"onclick onreset\" id=\"testRunButton1\">run internal test</button><br>\\n\\","<div id=\"testReportDiv1\" style=\"display: none;\"></div>\\n\\","utility2-comment -->\\n\\","\\n\\","\\n\\","\\n\\","<label>stderr and stdout</label>\\n\\","<textarea class=\"resettable\" id=\"outputTextareaStdout1\" readonly></textarea>\\n\\","<!-- utility2-comment\\n\\","{{#if isRollup}}\\n\\","<script src=\"assets.app.js\"></script>\\n\\","{{#unless isRollup}}\\n\\","utility2-comment -->\\n\\","<script src=\"assets.utility2.rollup.js\"></script>\\n\\","<script src=\"jsonp.utility2._stateInit?callback=window.utility2._stateInit\"></script>\\n\\","<script src=\"assets.npmtest_mupx.rollup.js\"></script>\\n\\","<script src=\"assets.example.js\"></script>\\n\\","<script src=\"assets.test.js\"></script>\\n\\","<!-- utility2-comment\\n\\","{{/if isRollup}}\\n\\","utility2-comment -->\\n\\","<div class=\"utility2FooterDiv\">\\n\\","    [ this app was created with\\n\\","    <a href=\"https://github.com/kaizhu256/node-utility2\" target=\"_blank\">utility2</a>\\n\\","    ]\\n\\","</div>\\n\\","</body>\\n\\","</html>\\n\\","';","        /* jslint-ignore-end */","        if (local.templateRender) {","            local.assetsDict['/'] = local.templateRender(","                local.assetsDict['/assets.index.template.html'],","                {","                    env: local.objectSetDefault(local.env, {","                        npm_package_description: 'the greatest app in the world!',","                        npm_package_name: 'my-app',","                        npm_package_nameAlias: 'my_app',","                        npm_package_version: '0.0.1'","                    })","                }","            );","        } else {","            local.assetsDict['/'] = local.assetsDict['/assets.index.template.html']","                .replace((/\\{\\{env\\.(\\w+?)\\}\\}/g), function (match0, match1) {","                    // jslint-hack","                    String(match0);","                    switch (match1) {","                    case 'npm_package_description':","                        return 'the greatest app in the world!';","                    case 'npm_package_name':","                        return 'my-app';","                    case 'npm_package_nameAlias':","                        return 'my_app';","                    case 'npm_package_version':","                        return '0.0.1';","                    }","                });","        }","        // run the cli","        if (local.global.utility2_rollup || module !== require.main) {","            break;","        }","        local.assetsDict['/assets.example.js'] =","            local.assetsDict['/assets.example.js'] ||","            local.fs.readFileSync(__filename, 'utf8');","        // bug-workaround - long $npm_package_buildCustomOrg","        /* jslint-ignore-begin */","        local.assetsDict['/assets.npmtest_mupx.rollup.js'] =","            local.assetsDict['/assets.npmtest_mupx.rollup.js'] ||","            local.fs.readFileSync(","                local.npmtest_mupx.__dirname + '/lib.npmtest_mupx.js',","                'utf8'","            ).replace((/^#!/), '//');","        /* jslint-ignore-end */","        local.assetsDict['/favicon.ico'] = local.assetsDict['/favicon.ico'] || '';","        // if $npm_config_timeout_exit exists,","        // then exit this process after $npm_config_timeout_exit ms","        if (Number(process.env.npm_config_timeout_exit)) {","            setTimeout(process.exit, Number(process.env.npm_config_timeout_exit));","        }","        // start server","        if (local.global.utility2_serverHttp1) {","            break;","        }","        process.env.PORT = process.env.PORT || '8081';","        console.error('server starting on port ' + process.env.PORT);","        local.http.createServer(function (request, response) {","            request.urlParsed = local.url.parse(request.url);","            if (local.assetsDict[request.urlParsed.pathname] !== undefined) {","                response.end(local.assetsDict[request.urlParsed.pathname]);","                return;","            }","            response.statusCode = 404;","            response.end();","        }).listen(process.env.PORT);","        break;","    }","}());",""],"l":{"26":2,"28":2,"33":2,"35":2,"37":2,"38":2,"39":2,"44":1,"51":2,"55":2,"59":2,"61":2,"69":1,"70":2,"76":2,"79":2,"82":2,"83":2,"85":1,"89":2,"92":1,"93":1,"94":1,"96":1,"97":1,"100":1,"101":1,"103":1,"106":1,"108":2,"114":1,"116":1,"118":1,"123":1,"124":2,"125":2,"126":3,"127":3,"128":3,"129":3,"130":1,"133":3,"134":3,"139":3,"143":1,"144":3,"145":1,"149":1,"150":1,"158":1,"160":1,"161":1,"162":1,"164":1,"166":1,"258":1,"259":1,"271":1,"274":6,"275":6,"277":1,"279":2,"281":1,"283":2,"288":1,"289":1,"291":1,"296":1,"303":1,"306":1,"307":1,"310":1,"311":1,"313":1,"314":1,"315":1,"316":1,"317":1,"318":1,"319":1,"321":1,"322":1,"324":1}},"/home/travis/build/npmtest/node-npmtest-mupx/node_modules/mupx/lib/actions.js":{"path":"/home/travis/build/npmtest/node-npmtest-mupx/node_modules/mupx/lib/actions.js","s":{"1":1,"2":1,"3":1,"4":1,"5":1,"6":1,"7":1,"8":1,"9":1,"10":1,"11":1,"12":1,"13":1,"14":1,"15":1,"16":0,"17":0,"18":0,"19":0,"20":0,"21":0,"22":0,"23":1,"24":0,"25":0,"26":0,"27":0,"28":0,"29":0,"30":0,"31":0,"32":0,"33":0,"34":0,"35":0,"36":0,"37":0,"38":1,"39":1,"40":0,"41":0,"42":0,"43":0,"44":0,"45":0,"46":1,"47":0,"48":0,"49":0,"50":0,"51":0,"52":0,"53":1,"54":0,"55":0,"56":1,"57":0,"58":0,"59":0,"60":0,"61":0,"62":0,"63":0,"64":0,"65":0,"66":0,"67":0,"68":0,"69":0,"70":0,"71":0,"72":0,"73":0,"74":0,"75":0,"76":0,"77":0,"78":0,"79":0,"80":0,"81":0,"82":0,"83":1,"84":0,"85":0,"86":0,"87":0,"88":0,"89":0,"90":0,"91":0,"92":0,"93":0,"94":0,"95":1,"96":0,"97":1,"98":0,"99":1,"100":0,"101":1,"102":0,"103":0,"104":0,"105":0,"106":0,"107":0,"108":0,"109":0,"110":0,"111":0,"112":0,"113":0,"114":0,"115":0,"116":1,"117":0,"118":0,"119":0,"120":0,"121":0,"122":0,"123":0,"124":0,"125":0,"126":0,"127":1,"128":0,"129":0,"130":1,"131":0,"132":0,"133":0,"134":0,"135":1,"136":0,"137":0,"138":0,"139":1,"140":0,"141":0,"142":1,"143":0,"144":1,"145":0,"146":0},"b":{"1":[0,0],"2":[0,0],"3":[0,0],"4":[0,0],"5":[0,0],"6":[0,0],"7":[0,0],"8":[0,0],"9":[0,0],"10":[0,0],"11":[0,0]},"f":{"1":0,"2":0,"3":0,"4":0,"5":0,"6":0,"7":0,"8":0,"9":0,"10":0,"11":0,"12":0,"13":0,"14":0,"15":0,"16":0,"17":0,"18":0,"19":0,"20":0,"21":0,"22":0,"23":0,"24":0,"25":0,"26":0,"27":0,"28":0,"29":0,"30":0,"31":0,"32":0,"33":0,"34":0,"35":0,"36":0},"fnMap":{"1":{"name":"Actions","line":18,"loc":{"start":{"line":18,"column":0},"end":{"line":18,"column":39}}},"2":{"name":"(anonymous_2)","line":31,"loc":{"start":{"line":31,"column":39},"end":{"line":31,"column":56}}},"3":{"name":"(anonymous_3)","line":34,"loc":{"start":{"line":34,"column":25},"end":{"line":34,"column":42}}},"4":{"name":"(anonymous_4)","line":65,"loc":{"start":{"line":65,"column":36},"end":{"line":65,"column":47}}},"5":{"name":"(anonymous_5)","line":80,"loc":{"start":{"line":80,"column":37},"end":{"line":80,"column":64}}},"6":{"name":"(anonymous_6)","line":85,"loc":{"start":{"line":85,"column":4},"end":{"line":85,"column":37}}},"7":{"name":"(anonymous_7)","line":88,"loc":{"start":{"line":88,"column":42},"end":{"line":88,"column":63}}},"8":{"name":"(anonymous_8)","line":96,"loc":{"start":{"line":96,"column":26},"end":{"line":96,"column":37}}},"9":{"name":"(anonymous_9)","line":101,"loc":{"start":{"line":101,"column":27},"end":{"line":101,"column":38}}},"10":{"name":"(anonymous_10)","line":119,"loc":{"start":{"line":119,"column":49},"end":{"line":119,"column":63}}},"11":{"name":"(anonymous_11)","line":124,"loc":{"start":{"line":124,"column":34},"end":{"line":124,"column":58}}},"12":{"name":"(anonymous_12)","line":126,"loc":{"start":{"line":126,"column":41},"end":{"line":126,"column":60}}},"13":{"name":"(anonymous_13)","line":136,"loc":{"start":{"line":136,"column":8},"end":{"line":136,"column":41}}},"14":{"name":"(anonymous_14)","line":142,"loc":{"start":{"line":142,"column":32},"end":{"line":142,"column":54}}},"15":{"name":"(anonymous_15)","line":152,"loc":{"start":{"line":152,"column":29},"end":{"line":152,"column":40}}},"16":{"name":"(anonymous_16)","line":157,"loc":{"start":{"line":157,"column":34},"end":{"line":157,"column":52}}},"17":{"name":"(anonymous_17)","line":170,"loc":{"start":{"line":170,"column":4},"end":{"line":170,"column":37}}},"18":{"name":"(anonymous_18)","line":171,"loc":{"start":{"line":171,"column":54},"end":{"line":171,"column":75}}},"19":{"name":"(anonymous_19)","line":179,"loc":{"start":{"line":179,"column":28},"end":{"line":179,"column":39}}},"20":{"name":"(anonymous_20)","line":183,"loc":{"start":{"line":183,"column":25},"end":{"line":183,"column":36}}},"21":{"name":"(anonymous_21)","line":187,"loc":{"start":{"line":187,"column":26},"end":{"line":187,"column":37}}},"22":{"name":"(anonymous_22)","line":191,"loc":{"start":{"line":191,"column":25},"end":{"line":191,"column":36}}},"23":{"name":"(anonymous_23)","line":199,"loc":{"start":{"line":199,"column":34},"end":{"line":199,"column":52}}},"24":{"name":"(anonymous_24)","line":206,"loc":{"start":{"line":206,"column":4},"end":{"line":206,"column":32}}},"25":{"name":"(anonymous_25)","line":209,"loc":{"start":{"line":209,"column":18},"end":{"line":209,"column":33}}},"26":{"name":"(anonymous_26)","line":212,"loc":{"start":{"line":212,"column":18},"end":{"line":212,"column":33}}},"27":{"name":"(anonymous_27)","line":224,"loc":{"start":{"line":224,"column":16},"end":{"line":224,"column":27}}},"28":{"name":"copyFile","line":241,"loc":{"start":{"line":241,"column":2},"end":{"line":241,"column":31}}},"29":{"name":"storeLastNChars","line":247,"loc":{"start":{"line":247,"column":0},"end":{"line":247,"column":52}}},"30":{"name":"(anonymous_30)","line":248,"loc":{"start":{"line":248,"column":9},"end":{"line":248,"column":24}}},"31":{"name":"whenAfterDeployed","line":256,"loc":{"start":{"line":256,"column":0},"end":{"line":256,"column":42}}},"32":{"name":"(anonymous_32)","line":257,"loc":{"start":{"line":257,"column":9},"end":{"line":257,"column":38}}},"33":{"name":"whenAfterCompleted","line":263,"loc":{"start":{"line":263,"column":0},"end":{"line":263,"column":48}}},"34":{"name":"haveSummaryMapsErrors","line":268,"loc":{"start":{"line":268,"column":0},"end":{"line":268,"column":44}}},"35":{"name":"hasSummaryMapErrors","line":272,"loc":{"start":{"line":272,"column":0},"end":{"line":272,"column":41}}},"36":{"name":"(anonymous_36)","line":273,"loc":{"start":{"line":273,"column":28},"end":{"line":273,"column":47}}}},"statementMap":{"1":{"start":{"line":1,"column":0},"end":{"line":1,"column":37}},"2":{"start":{"line":2,"column":0},"end":{"line":2,"column":27}},"3":{"start":{"line":3,"column":0},"end":{"line":3,"column":23}},"4":{"start":{"line":4,"column":0},"end":{"line":4,"column":31}},"5":{"start":{"line":5,"column":0},"end":{"line":5,"column":41}},"6":{"start":{"line":6,"column":0},"end":{"line":6,"column":43}},"7":{"start":{"line":7,"column":0},"end":{"line":7,"column":27}},"8":{"start":{"line":8,"column":0},"end":{"line":8,"column":36}},"9":{"start":{"line":9,"column":0},"end":{"line":9,"column":37}},"10":{"start":{"line":10,"column":0},"end":{"line":10,"column":30}},"11":{"start":{"line":11,"column":0},"end":{"line":11,"column":29}},"12":{"start":{"line":12,"column":0},"end":{"line":12,"column":37}},"13":{"start":{"line":14,"column":0},"end":{"line":14,"column":18}},"14":{"start":{"line":16,"column":0},"end":{"line":16,"column":25}},"15":{"start":{"line":18,"column":0},"end":{"line":29,"column":1}},"16":{"start":{"line":19,"column":2},"end":{"line":19,"column":17}},"17":{"start":{"line":20,"column":2},"end":{"line":20,"column":23}},"18":{"start":{"line":21,"column":2},"end":{"line":21,"column":53}},"19":{"start":{"line":22,"column":2},"end":{"line":22,"column":51}},"20":{"start":{"line":25,"column":2},"end":{"line":25,"column":72}},"21":{"start":{"line":26,"column":2},"end":{"line":28,"column":3}},"22":{"start":{"line":27,"column":4},"end":{"line":27,"column":84}},"23":{"start":{"line":31,"column":0},"end":{"line":62,"column":2}},"24":{"start":{"line":32,"column":2},"end":{"line":32,"column":23}},"25":{"start":{"line":34,"column":2},"end":{"line":59,"column":5}},"26":{"start":{"line":35,"column":4},"end":{"line":35,"column":27}},"27":{"start":{"line":36,"column":4},"end":{"line":36,"column":43}},"28":{"start":{"line":38,"column":4},"end":{"line":42,"column":5}},"29":{"start":{"line":39,"column":6},"end":{"line":39,"column":67}},"30":{"start":{"line":41,"column":6},"end":{"line":41,"column":38}},"31":{"start":{"line":44,"column":4},"end":{"line":47,"column":6}},"32":{"start":{"line":49,"column":4},"end":{"line":54,"column":5}},"33":{"start":{"line":50,"column":6},"end":{"line":53,"column":8}},"34":{"start":{"line":56,"column":4},"end":{"line":56,"column":66}},"35":{"start":{"line":57,"column":4},"end":{"line":57,"column":35}},"36":{"start":{"line":58,"column":4},"end":{"line":58,"column":50}},"37":{"start":{"line":61,"column":2},"end":{"line":61,"column":21}},"38":{"start":{"line":64,"column":0},"end":{"line":64,"column":41}},"39":{"start":{"line":65,"column":0},"end":{"line":78,"column":1}},"40":{"start":{"line":66,"column":2},"end":{"line":66,"column":68}},"41":{"start":{"line":67,"column":2},"end":{"line":77,"column":3}},"42":{"start":{"line":68,"column":4},"end":{"line":68,"column":58}},"43":{"start":{"line":69,"column":4},"end":{"line":69,"column":47}},"44":{"start":{"line":70,"column":4},"end":{"line":76,"column":5}},"45":{"start":{"line":71,"column":6},"end":{"line":75,"column":8}},"46":{"start":{"line":80,"column":0},"end":{"line":94,"column":2}},"47":{"start":{"line":81,"column":2},"end":{"line":81,"column":18}},"48":{"start":{"line":82,"column":2},"end":{"line":82,"column":51}},"49":{"start":{"line":83,"column":2},"end":{"line":93,"column":4}},"50":{"start":{"line":86,"column":6},"end":{"line":87,"column":52}},"51":{"start":{"line":88,"column":6},"end":{"line":90,"column":9}},"52":{"start":{"line":89,"column":8},"end":{"line":89,"column":35}},"53":{"start":{"line":96,"column":0},"end":{"line":99,"column":2}},"54":{"start":{"line":97,"column":2},"end":{"line":97,"column":25}},"55":{"start":{"line":98,"column":2},"end":{"line":98,"column":48}},"56":{"start":{"line":101,"column":0},"end":{"line":150,"column":2}},"57":{"start":{"line":102,"column":2},"end":{"line":102,"column":18}},"58":{"start":{"line":103,"column":2},"end":{"line":103,"column":25}},"59":{"start":{"line":105,"column":2},"end":{"line":105,"column":54}},"60":{"start":{"line":106,"column":2},"end":{"line":106,"column":64}},"61":{"start":{"line":110,"column":2},"end":{"line":110,"column":45}},"62":{"start":{"line":112,"column":2},"end":{"line":112,"column":60}},"63":{"start":{"line":113,"column":2},"end":{"line":113,"column":36}},"64":{"start":{"line":114,"column":2},"end":{"line":114,"column":32}},"65":{"start":{"line":115,"column":2},"end":{"line":115,"column":46}},"66":{"start":{"line":117,"column":2},"end":{"line":117,"column":57}},"67":{"start":{"line":118,"column":2},"end":{"line":118,"column":70}},"68":{"start":{"line":119,"column":2},"end":{"line":149,"column":5}},"69":{"start":{"line":120,"column":4},"end":{"line":148,"column":5}},"70":{"start":{"line":121,"column":6},"end":{"line":121,"column":22}},"71":{"start":{"line":123,"column":6},"end":{"line":123,"column":28}},"72":{"start":{"line":124,"column":6},"end":{"line":132,"column":9}},"73":{"start":{"line":125,"column":8},"end":{"line":125,"column":61}},"74":{"start":{"line":126,"column":8},"end":{"line":131,"column":11}},"75":{"start":{"line":127,"column":10},"end":{"line":130,"column":13}},"76":{"start":{"line":134,"column":6},"end":{"line":147,"column":7}},"77":{"start":{"line":137,"column":10},"end":{"line":137,"column":44}},"78":{"start":{"line":138,"column":10},"end":{"line":138,"column":61}},"79":{"start":{"line":139,"column":10},"end":{"line":139,"column":77}},"80":{"start":{"line":140,"column":10},"end":{"line":141,"column":42}},"81":{"start":{"line":142,"column":10},"end":{"line":144,"column":13}},"82":{"start":{"line":143,"column":12},"end":{"line":143,"column":39}},"83":{"start":{"line":152,"column":0},"end":{"line":177,"column":2}},"84":{"start":{"line":153,"column":2},"end":{"line":153,"column":18}},"85":{"start":{"line":154,"column":2},"end":{"line":154,"column":27}},"86":{"start":{"line":155,"column":2},"end":{"line":166,"column":3}},"87":{"start":{"line":156,"column":4},"end":{"line":156,"column":44}},"88":{"start":{"line":157,"column":4},"end":{"line":165,"column":7}},"89":{"start":{"line":158,"column":6},"end":{"line":158,"column":73}},"90":{"start":{"line":159,"column":6},"end":{"line":160,"column":26}},"91":{"start":{"line":161,"column":6},"end":{"line":164,"column":9}},"92":{"start":{"line":168,"column":2},"end":{"line":176,"column":4}},"93":{"start":{"line":171,"column":6},"end":{"line":173,"column":9}},"94":{"start":{"line":172,"column":8},"end":{"line":172,"column":35}},"95":{"start":{"line":179,"column":0},"end":{"line":181,"column":2}},"96":{"start":{"line":180,"column":2},"end":{"line":180,"column":50}},"97":{"start":{"line":183,"column":0},"end":{"line":185,"column":2}},"98":{"start":{"line":184,"column":2},"end":{"line":184,"column":47}},"99":{"start":{"line":187,"column":0},"end":{"line":189,"column":2}},"100":{"start":{"line":188,"column":2},"end":{"line":188,"column":48}},"101":{"start":{"line":191,"column":0},"end":{"line":222,"column":2}},"102":{"start":{"line":192,"column":2},"end":{"line":192,"column":18}},"103":{"start":{"line":193,"column":2},"end":{"line":193,"column":52}},"104":{"start":{"line":195,"column":2},"end":{"line":195,"column":20}},"105":{"start":{"line":197,"column":2},"end":{"line":202,"column":3}},"106":{"start":{"line":198,"column":4},"end":{"line":198,"column":44}},"107":{"start":{"line":199,"column":4},"end":{"line":201,"column":7}},"108":{"start":{"line":200,"column":6},"end":{"line":200,"column":29}},"109":{"start":{"line":204,"column":2},"end":{"line":221,"column":4}},"110":{"start":{"line":207,"column":6},"end":{"line":207,"column":50}},"111":{"start":{"line":208,"column":6},"end":{"line":215,"column":8}},"112":{"start":{"line":210,"column":10},"end":{"line":210,"column":61}},"113":{"start":{"line":213,"column":10},"end":{"line":213,"column":61}},"114":{"start":{"line":217,"column":6},"end":{"line":217,"column":82}},"115":{"start":{"line":218,"column":6},"end":{"line":218,"column":50}},"116":{"start":{"line":224,"column":0},"end":{"line":245,"column":2}},"117":{"start":{"line":225,"column":2},"end":{"line":225,"column":45}},"118":{"start":{"line":226,"column":2},"end":{"line":226,"column":55}},"119":{"start":{"line":228,"column":2},"end":{"line":231,"column":3}},"120":{"start":{"line":229,"column":4},"end":{"line":229,"column":55}},"121":{"start":{"line":230,"column":4},"end":{"line":230,"column":20}},"122":{"start":{"line":233,"column":2},"end":{"line":233,"column":70}},"123":{"start":{"line":234,"column":2},"end":{"line":234,"column":80}},"124":{"start":{"line":236,"column":2},"end":{"line":236,"column":40}},"125":{"start":{"line":237,"column":2},"end":{"line":237,"column":50}},"126":{"start":{"line":239,"column":2},"end":{"line":239,"column":55}},"127":{"start":{"line":241,"column":2},"end":{"line":244,"column":3}},"128":{"start":{"line":242,"column":4},"end":{"line":242,"column":47}},"129":{"start":{"line":243,"column":4},"end":{"line":243,"column":36}},"130":{"start":{"line":247,"column":0},"end":{"line":254,"column":1}},"131":{"start":{"line":248,"column":2},"end":{"line":253,"column":3}},"132":{"start":{"line":249,"column":4},"end":{"line":249,"column":35}},"133":{"start":{"line":250,"column":4},"end":{"line":252,"column":5}},"134":{"start":{"line":251,"column":6},"end":{"line":251,"column":69}},"135":{"start":{"line":256,"column":0},"end":{"line":261,"column":1}},"136":{"start":{"line":257,"column":2},"end":{"line":260,"column":4}},"137":{"start":{"line":258,"column":4},"end":{"line":258,"column":31}},"138":{"start":{"line":259,"column":4},"end":{"line":259,"column":43}},"139":{"start":{"line":263,"column":0},"end":{"line":266,"column":1}},"140":{"start":{"line":264,"column":2},"end":{"line":264,"column":70}},"141":{"start":{"line":265,"column":2},"end":{"line":265,"column":26}},"142":{"start":{"line":268,"column":0},"end":{"line":270,"column":1}},"143":{"start":{"line":269,"column":2},"end":{"line":269,"column":50}},"144":{"start":{"line":272,"column":0},"end":{"line":276,"column":1}},"145":{"start":{"line":273,"column":2},"end":{"line":275,"column":4}},"146":{"start":{"line":274,"column":4},"end":{"line":274,"column":25}}},"branchMap":{"1":{"line":26,"type":"if","locations":[{"start":{"line":26,"column":2},"end":{"line":26,"column":2}},{"start":{"line":26,"column":2},"end":{"line":26,"column":2}}]},"2":{"line":38,"type":"if","locations":[{"start":{"line":38,"column":4},"end":{"line":38,"column":4}},{"start":{"line":38,"column":4},"end":{"line":38,"column":4}}]},"3":{"line":49,"type":"if","locations":[{"start":{"line":49,"column":4},"end":{"line":49,"column":4}},{"start":{"line":49,"column":4},"end":{"line":49,"column":4}}]},"4":{"line":67,"type":"if","locations":[{"start":{"line":67,"column":2},"end":{"line":67,"column":2}},{"start":{"line":67,"column":2},"end":{"line":67,"column":2}}]},"5":{"line":70,"type":"if","locations":[{"start":{"line":70,"column":4},"end":{"line":70,"column":4}},{"start":{"line":70,"column":4},"end":{"line":70,"column":4}}]},"6":{"line":120,"type":"if","locations":[{"start":{"line":120,"column":4},"end":{"line":120,"column":4}},{"start":{"line":120,"column":4},"end":{"line":120,"column":4}}]},"7":{"line":228,"type":"if","locations":[{"start":{"line":228,"column":2},"end":{"line":228,"column":2}},{"start":{"line":228,"column":2},"end":{"line":228,"column":2}}]},"8":{"line":228,"type":"binary-expr","locations":[{"start":{"line":228,"column":5},"end":{"line":228,"column":31}},{"start":{"line":228,"column":35},"end":{"line":228,"column":66}}]},"9":{"line":250,"type":"if","locations":[{"start":{"line":250,"column":4},"end":{"line":250,"column":4}},{"start":{"line":250,"column":4},"end":{"line":250,"column":4}}]},"10":{"line":264,"type":"cond-expr","locations":[{"start":{"line":264,"column":64},"end":{"line":264,"column":65}},{"start":{"line":264,"column":68},"end":{"line":264,"column":69}}]},"11":{"line":264,"type":"binary-expr","locations":[{"start":{"line":264,"column":18},"end":{"line":264,"column":23}},{"start":{"line":264,"column":27},"end":{"line":264,"column":61}}]}},"code":["var nodemiral = require('nodemiral');","var path = require('path');","var fs = require('fs');","var rimraf = require('rimraf');","var exec = require('child_process').exec;","var spawn = require('child_process').spawn;","var uuid = require('uuid');","var format = require('util').format;","var extend = require('util')._extend;","var _ = require('underscore');","var async = require('async');","var buildApp = require('./build.js');","","require('colors');","","module.exports = Actions;","","function Actions(config, cwd, options) {","  this.cwd = cwd;","  this.config = config;","  this.sessionsMap = this._createSessionsMap(config);","  this.settingsFileName = options.settingsFileName;","","  //get settingsFileName into env","  var setttingsJsonPath = path.resolve(this.cwd, this.settingsFileName);","  if(fs.existsSync(setttingsJsonPath)) {","    this.config.env['METEOR_SETTINGS'] = JSON.stringify(require(setttingsJsonPath));","  }","}","","Actions.prototype._createSessionsMap = function(config) {","  var sessionsMap = {};","","  config.servers.forEach(function(server) {","    var host = server.host;","    var auth = {username: server.username};","","    if(server.pem) {","      auth.pem = fs.readFileSync(path.resolve(server.pem), 'utf8');","    } else {","      auth.password = server.password;","    }","","    var nodemiralOptions = {","      ssh: server.sshOptions,","      keepAlive: true","    };","","    if(!sessionsMap[server.os]) {","      sessionsMap[server.os] = {","        sessions: [],","        taskListsBuilder:require('./taskLists')(server.os)","      };","    }","","    var session = nodemiral.session(host, auth, nodemiralOptions);","    session._serverConfig = server;","    sessionsMap[server.os].sessions.push(session);","  });","","  return sessionsMap;","};","","var kadiraRegex = /^meteorhacks:kadira/m;","Actions.prototype._showKadiraLink = function() {","  var versionsFile = path.join(this.config.app, '.meteor/versions');","  if(fs.existsSync(versionsFile)) {","    var packages = fs.readFileSync(versionsFile, 'utf-8');","    var hasKadira = kadiraRegex.test(packages);","    if(!hasKadira) {","      console.log(","        \"“ Checkout \" + \"Kadira\".bold + \"!\"+","        \"\\n  It's the best way to monitor performance of your app.\"+","        \"\\n  Visit: \" + \"https://kadira.io/mup\".underline + \" ”\\n\"","      );","    }","  }","}","","Actions.prototype._executePararell = function(actionName, args) {","  var self = this;","  var sessionInfoList = _.values(self.sessionsMap);","  async.map(","    sessionInfoList,","    function(sessionsInfo, callback) {","      var taskList = sessionsInfo.taskListsBuilder[actionName]","        .apply(sessionsInfo.taskListsBuilder, args);","      taskList.run(sessionsInfo.sessions, function(summaryMap) {","        callback(null, summaryMap);","      });","    },","    whenAfterCompleted","  );","};","","Actions.prototype.setup = function() {","  this._showKadiraLink();","  this._executePararell(\"setup\", [this.config]);","};","","Actions.prototype.deploy = function() {","  var self = this;","  self._showKadiraLink();","","  var buildLocation = path.resolve('/tmp', uuid.v4());","  var bundlePath = path.resolve(buildLocation, 'bundle.tar.gz');","","  // spawn inherits env vars from process.env","  // so we can simply set them like this","  process.env.BUILD_LOCATION = buildLocation;","","  var deployCheckWaitTime = this.config.deployCheckWaitTime;","  var appName = this.config.appName;","  var appPath = this.config.app;","  var buildOptions = this.config.buildOptions;","","  console.log('Meteor app path    : ' + this.config.app);","  console.log('Using buildOptions : ' + JSON.stringify(buildOptions));","  buildApp(appPath, buildLocation, buildOptions, function(err) {","    if(err) {","      process.exit(1);","    } else {","      var sessionsData = [];","      _.forEach(self.sessionsMap, function (sessionsInfo) {","        var taskListsBuilder = sessionsInfo.taskListsBuilder;","        _.forEach(sessionsInfo.sessions, function (session) {","          sessionsData.push({","            taskListsBuilder: taskListsBuilder,","            session: session","          });","        });","      });","","      async.mapSeries(","        sessionsData,","        function (sessionData, callback) {","          var session = sessionData.session;","          var taskListsBuilder = sessionData.taskListsBuilder","          var env = _.extend({}, self.config.env, session._serverConfig.env);","          var taskList = taskListsBuilder.deploy(","            bundlePath, env, self.config);","          taskList.run(session, function (summaryMap) {","            callback(null, summaryMap);","          });","        },","        whenAfterDeployed(buildLocation)","      )","    }","  });","};","","Actions.prototype.reconfig = function() {","  var self = this;","  var sessionInfoList = [];","  for(var os in self.sessionsMap) {","    var sessionsInfo = self.sessionsMap[os];","    sessionsInfo.sessions.forEach(function(session) {","      var env = _.extend({}, self.config.env, session._serverConfig.env);","      var taskList = sessionsInfo.taskListsBuilder.reconfig(","        env, self.config);","      sessionInfoList.push({","        taskList: taskList,","        session: session","      });","    });","  }","","  async.mapSeries(","    sessionInfoList,","    function(sessionsInfo, callback) {","      sessionsInfo.taskList.run(sessionsInfo.session, function(summaryMap) {","        callback(null, summaryMap);","      });","    },","    whenAfterCompleted","  );","};","","Actions.prototype.restart = function() {","  this._executePararell(\"restart\", [this.config]);","};","","Actions.prototype.stop = function() {","  this._executePararell(\"stop\", [this.config]);","};","","Actions.prototype.start = function() {","  this._executePararell(\"start\", [this.config]);","};","","Actions.prototype.logs = function() {","  var self = this;","  var tailOptions = process.argv.slice(3).join(\" \");","","  var sessions = [];","","  for(var os in self.sessionsMap) {","    var sessionsInfo = self.sessionsMap[os];","    sessionsInfo.sessions.forEach(function(session) {","      sessions.push(session);","    });","  }","","  async.map(","    sessions,","    function(session, callback) {","      var hostPrefix = '[' + session._host + '] ';","      var options = {","        onStdout: function(data) {","          process.stdout.write(hostPrefix + data.toString());","        },","        onStderr: function(data) {","          process.stderr.write(hostPrefix + data.toString());","        }","      };","","      var command = 'sudo docker logs ' + tailOptions + ' ' + self.config.appName;","      session.execute(command, options, callback);","    },","    whenAfterCompleted","  );","};","","Actions.init  = function() {","  var destMupJson = path.resolve('mup.json');","  var destSettingsJson = path.resolve('settings.json');","","  if(fs.existsSync(destMupJson) || fs.existsSync(destSettingsJson)) {","    console.error('A Project Already Exists'.bold.red);","    process.exit(1);","  }","","  var exampleMupJson = path.resolve(__dirname, '../example/mup.json');","  var exampleSettingsJson = path.resolve(__dirname, '../example/settings.json');","","  copyFile(exampleMupJson, destMupJson);","  copyFile(exampleSettingsJson, destSettingsJson);","","  console.log('Empty Project Initialized!'.bold.green);","","  function copyFile(src, dest) {","    var content = fs.readFileSync(src, 'utf8');","    fs.writeFileSync(dest, content);","  }","};","","function storeLastNChars(vars, field, limit, color) {","  return function(data) {","    vars[field] += data.toString();","    if(vars[field].length > 1000) {","      vars[field] = vars[field].substring(vars[field].length - 1000);","    }","  }","}","","function whenAfterDeployed(buildLocation) {","  return function(error, summaryMaps) {","    rimraf.sync(buildLocation);","    whenAfterCompleted(error, summaryMaps);","  };","}","","function whenAfterCompleted(error, summaryMaps) {","  var errorCode = error || haveSummaryMapsErrors(summaryMaps) ? 1 : 0;","  process.exit(errorCode);","}","","function haveSummaryMapsErrors(summaryMaps) {","  return _.some(summaryMaps, hasSummaryMapErrors);","}","","function hasSummaryMapErrors(summaryMap) {","  return _.some(summaryMap, function (summary) {","    return summary.error;","  })","}",""],"l":{"1":1,"2":1,"3":1,"4":1,"5":1,"6":1,"7":1,"8":1,"9":1,"10":1,"11":1,"12":1,"14":1,"16":1,"18":1,"19":0,"20":0,"21":0,"22":0,"25":0,"26":0,"27":0,"31":1,"32":0,"34":0,"35":0,"36":0,"38":0,"39":0,"41":0,"44":0,"49":0,"50":0,"56":0,"57":0,"58":0,"61":0,"64":1,"65":1,"66":0,"67":0,"68":0,"69":0,"70":0,"71":0,"80":1,"81":0,"82":0,"83":0,"86":0,"88":0,"89":0,"96":1,"97":0,"98":0,"101":1,"102":0,"103":0,"105":0,"106":0,"110":0,"112":0,"113":0,"114":0,"115":0,"117":0,"118":0,"119":0,"120":0,"121":0,"123":0,"124":0,"125":0,"126":0,"127":0,"134":0,"137":0,"138":0,"139":0,"140":0,"142":0,"143":0,"152":1,"153":0,"154":0,"155":0,"156":0,"157":0,"158":0,"159":0,"161":0,"168":0,"171":0,"172":0,"179":1,"180":0,"183":1,"184":0,"187":1,"188":0,"191":1,"192":0,"193":0,"195":0,"197":0,"198":0,"199":0,"200":0,"204":0,"207":0,"208":0,"210":0,"213":0,"217":0,"218":0,"224":1,"225":0,"226":0,"228":0,"229":0,"230":0,"233":0,"234":0,"236":0,"237":0,"239":0,"241":1,"242":0,"243":0,"247":1,"248":0,"249":0,"250":0,"251":0,"256":1,"257":0,"258":0,"259":0,"263":1,"264":0,"265":0,"268":1,"269":0,"272":1,"273":0,"274":0}},"/home/travis/build/npmtest/node-npmtest-mupx/node_modules/mupx/lib/build.js":{"path":"/home/travis/build/npmtest/node-npmtest-mupx/node_modules/mupx/lib/build.js","s":{"1":1,"2":1,"3":1,"4":1,"5":1,"6":1,"7":0,"8":0,"9":0,"10":0,"11":0,"12":1,"13":0,"14":0,"15":0,"16":0,"17":0,"18":0,"19":0,"20":0,"21":0,"22":0,"23":0,"24":0,"25":0,"26":0,"27":0,"28":0,"29":0,"30":0,"31":1,"32":0,"33":0,"34":0,"35":0,"36":0,"37":0,"38":0,"39":0,"40":0,"41":0,"42":0,"43":1},"b":{"1":[0,0],"2":[0,0],"3":[0,0],"4":[0,0],"5":[0,0],"6":[0,0]},"f":{"1":0,"2":0,"3":0,"4":0,"5":0},"fnMap":{"1":{"name":"buildApp","line":7,"loc":{"start":{"line":7,"column":0},"end":{"line":7,"column":67}}},"2":{"name":"(anonymous_2)","line":8,"loc":{"start":{"line":8,"column":56},"end":{"line":8,"column":71}}},"3":{"name":"buildMeteorApp","line":18,"loc":{"start":{"line":18,"column":0},"end":{"line":18,"column":73}}},"4":{"name":"archiveIt","line":54,"loc":{"start":{"line":54,"column":0},"end":{"line":54,"column":45}}},"5":{"name":"(anonymous_5)","line":70,"loc":{"start":{"line":70,"column":24},"end":{"line":70,"column":38}}}},"statementMap":{"1":{"start":{"line":1,"column":0},"end":{"line":1,"column":43}},"2":{"start":{"line":2,"column":0},"end":{"line":2,"column":35}},"3":{"start":{"line":3,"column":0},"end":{"line":3,"column":23}},"4":{"start":{"line":4,"column":0},"end":{"line":4,"column":42}},"5":{"start":{"line":5,"column":0},"end":{"line":5,"column":30}},"6":{"start":{"line":7,"column":0},"end":{"line":16,"column":1}},"7":{"start":{"line":8,"column":2},"end":{"line":15,"column":5}},"8":{"start":{"line":9,"column":4},"end":{"line":14,"column":5}},"9":{"start":{"line":10,"column":6},"end":{"line":10,"column":42}},"10":{"start":{"line":12,"column":6},"end":{"line":12,"column":69}},"11":{"start":{"line":13,"column":6},"end":{"line":13,"column":41}},"12":{"start":{"line":18,"column":0},"end":{"line":52,"column":1}},"13":{"start":{"line":19,"column":2},"end":{"line":19,"column":55}},"14":{"start":{"line":20,"column":2},"end":{"line":24,"column":4}},"15":{"start":{"line":26,"column":2},"end":{"line":28,"column":3}},"16":{"start":{"line":27,"column":4},"end":{"line":27,"column":25}},"17":{"start":{"line":30,"column":2},"end":{"line":33,"column":3}},"18":{"start":{"line":31,"column":4},"end":{"line":31,"column":35}},"19":{"start":{"line":32,"column":4},"end":{"line":32,"column":59}},"20":{"start":{"line":35,"column":2},"end":{"line":35,"column":44}},"21":{"start":{"line":36,"column":2},"end":{"line":41,"column":3}},"22":{"start":{"line":39,"column":4},"end":{"line":39,"column":50}},"23":{"start":{"line":40,"column":4},"end":{"line":40,"column":41}},"24":{"start":{"line":43,"column":2},"end":{"line":43,"column":31}},"25":{"start":{"line":44,"column":2},"end":{"line":44,"column":48}},"26":{"start":{"line":45,"column":2},"end":{
[...]
TER_ENDPOINT_URL'] || defaultEndpointUrl;","      });","    }","","    //rewrite ~ with $HOME","    mupJson.app = rewritePath(","      mupJson.app, \"There is no meteor app in the current app path.\");","","    if(mupJson.ssl) {","      mupJson.ssl.port = mupJson.ssl.port || 443;","      mupJson.ssl.certificate = rewritePath(","        mupJson.ssl.certificate, \"SSL certificate file does not exists.\");","      mupJson.ssl.key = rewritePath(","        mupJson.ssl.key, \"SSL key file does not exists.\");","    }","","    // additional build options","    mupJson.buildOptions = mupJson.buildOptions || {};","","    return mupJson;","  } else {","      var message =","        'configuration file ' + configFileName + ' does not exist!'.red.bold;","    console.error(message);","    helpers.printHelp();","    process.exit(1);","  }","  ","  function rewritePath(location, errorMessage) {","    if(!location) {","      return mupErrorLog(errorMessage);","    }","    ","    var homeLocation = process.env.HOME;","    if(/^win/.test(process.platform)) {","      homeLocation = process.env.USERPROFILE;","    }","","    var location = location.replace('~', homeLocation).trim();","    if(location.indexOf(0) !== \"/\" || location.indexOf(0) !== \"\\\\\") {","      // if path does not start with / or \\ (on windows)","      // we need to make sure, they are from the basedir","      // but not from the current dir","      location = path.resolve(basedir, location);","    } else {","      // anyway, we need to resolve path for windows compatibility","      location = path.resolve(location);","    }","    if(!fs.existsSync(location)) {","      mupErrorLog(errorMessage);","    }","","    return location;","  }","","  function mupErrorLog(message) {","    var errorMessage = 'Invalid configuration file ' + configFileName + ': ' + message;","    console.error(errorMessage.red.bold);","    process.exit(1);","  }","};"],"l":{"1":1,"2":1,"3":1,"4":1,"5":1,"6":1,"8":1,"9":0,"12":0,"14":0,"15":0,"18":0,"19":0,"21":0,"22":0,"24":0,"25":0,"27":0,"28":0,"31":0,"32":0,"36":0,"37":0,"39":0,"40":0,"41":0,"42":0,"43":0,"44":0,"45":0,"48":0,"49":0,"50":0,"51":0,"52":0,"53":0,"54":0,"55":0,"58":0,"60":0,"61":0,"65":0,"67":0,"69":0,"75":0,"78":0,"79":0,"80":0,"82":0,"87":0,"89":0,"91":0,"93":0,"94":0,"95":0,"98":1,"99":0,"100":0,"103":0,"104":0,"105":0,"108":0,"109":0,"113":0,"116":0,"118":0,"119":0,"122":0,"125":1,"126":0,"127":0,"128":0}},"/home/travis/build/npmtest/node-npmtest-mupx/node_modules/mupx/lib/helpers.js":{"path":"/home/travis/build/npmtest/node-npmtest-mupx/node_modules/mupx/lib/helpers.js","s":{"1":1,"2":1,"3":0,"4":0,"5":0,"6":0,"7":0,"8":0,"9":0,"10":0,"11":0,"12":0,"13":0,"14":0,"15":0,"16":0,"17":0,"18":0,"19":0,"20":0,"21":0,"22":0,"23":0},"b":{},"f":{"1":0},"fnMap":{"1":{"name":"(anonymous_1)","line":3,"loc":{"start":{"line":3,"column":20},"end":{"line":3,"column":31}}}},"statementMap":{"1":{"start":{"line":1,"column":0},"end":{"line":1,"column":41}},"2":{"start":{"line":3,"column":0},"end":{"line":25,"column":2}},"3":{"start":{"line":4,"column":2},"end":{"line":4,"column":58}},"4":{"start":{"line":5,"column":2},"end":{"line":5,"column":20}},"5":{"start":{"line":6,"column":2},"end":{"line":6,"column":47}},"6":{"start":{"line":7,"column":2},"end":{"line":7,"column":47}},"7":{"start":{"line":8,"column":2},"end":{"line":8,"column":75}},"8":{"start":{"line":9,"column":2},"end":{"line":9,"column":61}},"9":{"start":{"line":10,"column":2},"end":{"line":10,"column":20}},"10":{"start":{"line":11,"column":2},"end":{"line":11,"column":65}},"11":{"start":{"line":12,"column":2},"end":{"line":12,"column":79}},"12":{"start":{"line":13,"column":2},"end":{"line":13,"column":20}},"13":{"start":{"line":14,"column":2},"end":{"line":14,"column":56}},"14":{"start":{"line":15,"column":2},"end":{"line":15,"column":20}},"15":{"start":{"line":16,"column":2},"end":{"line":16,"column":69}},"16":{"start":{"line":17,"column":2},"end":{"line":17,"column":68}},"17":{"start":{"line":18,"column":2},"end":{"line":18,"column":71}},"18":{"start":{"line":19,"column":2},"end":{"line":19,"column":53}},"19":{"start":{"line":20,"column":2},"end":{"line":20,"column":53}},"20":{"start":{"line":21,"column":2},"end":{"line":21,"column":81}},"21":{"start":{"line":22,"column":2},"end":{"line":22,"column":68}},"22":{"start":{"line":23,"column":2},"end":{"line":23,"column":77}},"23":{"start":{"line":24,"column":2},"end":{"line":24,"column":73}}},"branchMap":{},"code":["var exec = require('child_process').exec;","","exports.printHelp = function() {","  console.error('\\nSyntax: mup <action> [--<parameter>]');","  console.error('');","  console.error('\\nValid Actions (mandatory)');","  console.error('---------------------------');","  console.error('init                   - Initialize a Meteor Up project');","  console.error('setup                  - Setup the server');","  console.error('');","  console.error('deploy                 - Deploy app to server');","  console.error('reconfig               - Reconfigure the server and restart');","  console.error('');","  console.error('logs [-f --tail=all]   - Access logs');","  console.error('');","  console.error('start                  - Start your app instances');","  console.error('stop                   - Stop your app instances');","  console.error('restart                - Restart your app instances');","  console.error('\\nAvailable Parameters (optional)');","  console.error('---------------------------------');","  console.error('--config=mup-prod.json - Specify the deployment configuration');","  console.error('                         Default value: mup.json');","  console.error('--settings=file.json   - Specify the Meteor.settings file');","  console.error('                         Default value: settings.json');","};",""],"l":{"1":1,"3":1,"4":0,"5":0,"6":0,"7":0,"8":0,"9":0,"10":0,"11":0,"12":0,"13":0,"14":0,"15":0,"16":0,"17":0,"18":0,"19":0,"20":0,"21":0,"22":0,"23":0,"24":0}},"/home/travis/build/npmtest/node-npmtest-mupx/node_modules/mupx/lib/update_notifier.js":{"path":"/home/travis/build/npmtest/node-npmtest-mupx/node_modules/mupx/lib/update_notifier.js","s":{"1":1,"2":1,"3":1,"4":1},"b":{},"f":{},"fnMap":{},"statementMap":{"1":{"start":{"line":1,"column":0},"end":{"line":1,"column":48}},"2":{"start":{"line":2,"column":0},"end":{"line":2,"column":37}},"3":{"start":{"line":4,"column":0},"end":{"line":7,"column":3}},"4":{"start":{"line":8,"column":0},"end":{"line":8,"column":18}}},"branchMap":{},"code":["var updateNotifier = require('update-notifier');","var pkg = require('../package.json');"," ","var notifier = updateNotifier({","  pkg: pkg,","  updateCheckInterval: 1000 * 60 * 60 * 6 // 6 hours","});","notifier.notify();"],"l":{"1":1,"2":1,"4":1,"8":1}},"/home/travis/build/npmtest/node-npmtest-mupx/node_modules/mupx/lib/taskLists/linux.js":{"path":"/home/travis/build/npmtest/node-npmtest-mupx/node_modules/mupx/lib/taskLists/linux.js","s":{"1":1,"2":1,"3":1,"4":1,"5":1,"6":1,"7":1,"8":1,"9":0,"10":0,"11":0,"12":0,"13":0,"14":0,"15":0,"16":0,"17":0,"18":0,"19":0,"20":1,"21":0,"22":0,"23":0,"24":0,"25":0,"26":0,"27":0,"28":0,"29":1,"30":0,"31":0,"32":0,"33":0,"34":0,"35":0,"36":1,"37":0,"38":0,"39":0,"40":0,"41":0,"42":0,"43":1,"44":0,"45":0,"46":0,"47":1,"48":0,"49":0,"50":0,"51":0,"52":0,"53":0,"54":1,"55":0,"56":1,"57":0,"58":0,"59":0,"60":1,"61":0,"62":0,"63":1,"64":0,"65":0},"b":{"1":[0,0],"2":[0,0],"3":[0,0],"4":[0,0],"5":[0,0]},"f":{"1":0,"2":0,"3":0,"4":0,"5":0,"6":0,"7":0,"8":0,"9":0,"10":0},"fnMap":{"1":{"name":"(anonymous_1)","line":10,"loc":{"start":{"line":10,"column":16},"end":{"line":10,"column":33}}},"2":{"name":"(anonymous_2)","line":57,"loc":{"start":{"line":57,"column":17},"end":{"line":57,"column":51}}},"3":{"name":"(anonymous_3)","line":86,"loc":{"start":{"line":86,"column":19},"end":{"line":86,"column":41}}},"4":{"name":"(anonymous_4)","line":98,"loc":{"start":{"line":98,"column":18},"end":{"line":98,"column":35}}},"5":{"name":"(anonymous_5)","line":110,"loc":{"start":{"line":110,"column":15},"end":{"line":110,"column":32}}},"6":{"name":"(anonymous_6)","line":124,"loc":{"start":{"line":124,"column":16},"end":{"line":124,"column":33}}},"7":{"name":"installStud","line":136,"loc":{"start":{"line":136,"column":0},"end":{"line":136,"column":31}}},"8":{"name":"copyEnvVars","line":142,"loc":{"start":{"line":142,"column":0},"end":{"line":142,"column":45}}},"9":{"name":"startAndVerify","line":158,"loc":{"start":{"line":158,"column":0},"end":{"line":158,"column":70}}},"10":{"name":"deployAndVerify","line":174,"loc":{"start":{"line":174,"column":0},"end":{"line":174,"column":71}}}},"statementMap":{"1":{"start":{"line":1,"column":0},"end":{"line":1,"column":37}},"2":{"start":{"line":2,"column":0},"end":{"line":2,"column":23}},"3":{"start":{"line":3,"column":0},"end":{"line":3,"column":27}},"4":{"start":{"line":4,"column":0},"end":{"line":4,"column":27}},"5":{"start":{"line":5,"column":0},"end":{"line":5,"column":30}},"6":{"start":{"line":7,"column":0},"end":{"line":7,"column":64}},"7":{"start":{"line":8,"column":0},"end":{"line":8,"column":69}},"8":{"start":{"line":10,"column":0},"end":{"line":55,"column":2}},"9":{"start":{"line":11,"column":2},"end":{"line":11,"column":53}},"10":{"start":{"line":13,"column":2},"end":{"line":15,"column":5}},"11":{"start":{"line":17,"column":2},"end":{"line":22,"column":5}},"12":{"start":{"line":24,"column":2},"end":{"line":33,"column":3}},"13":{"start":{"line":25,"column":4},"end":{"line":28,"column":7}},"14":{"start":{"line":30,"column":4},"end":{"line":32,"column":7}},"15":{"start":{"line":35,"column":2},"end":{"line":52,"column":3}},"16":{"start":{"line":36,"column":4},"end":{"line":39,"column":7}},"17":{"start":{"line":41,"column":4},"end":{"line":44,"column":7}},"18":{"start":{"line":46,"column":4},"end":{"line":51,"column":7}},"19":{"start":{"line":54,"column":2},"end":{"line":54,"column":18}},"20":{"start":{"line":57,"column":0},"end":{"line":84,"column":2}},"21":{"start":{"line":58,"column":2},"end":{"line":58,"column":55}},"22":{"start":{"line":59,"column":2},"end":{"line":59,"column":31}},"23":{"start":{"line":60,"column":2},"end":{"line":60,"column":76}},"24":{"start":{"line":62,"column":2},"end":{"line":66,"column":5}},"25":{"start":{"line":68,"column":2},"end":{"line":68,"column":38}},"26":{"start":{"line":70,"column":2},"end":{"line":79,"column":5}},"27":{"start":{"line":81,"column":2},"end":{"line":81,"column":68}},"28":{"start":{"line":83,"column":2},"end":{"line":83,"column":18}},"29":{"start":{"line":86,"column":0},"end":{"line":96,"column":2}},"30":{"start":{"line":87,"column":2},"end":{"line":87,"column":31}},"31":{"start":{"line":88,"column":2},"end":{"line":88,"column":55}},"32":{"start":{"line":90,"column":2},"end":{"line":90,"column":71}},"33":{"start":{"line":92,"column":2},"end":{"line":92,"column":38}},"34":{"start":{"line":93,"column":2},"end":{"line":93,"column":67}},"35":{"start":{"line":95,"column":2},"end":{"line":95,"column":18}},"36":{"start":{"line":98,"column":0},"end":{"line":108,"column":2}},"37":{"start":{"line":99,"column":2},"end":{"line":99,"column":70}},"38":{"start":{"line":101,"column":2},"end":{"line":101,"column":31}},"39":{"start":{"line":102,"column":2},"end":{"line":102,"column":29}},"40":{"start":{"line":103,"column":2},"end":{"line":103,"column":55}},"41":{"start":{"line":105,"column":2},"end":{"line":105,"column":63}},"42":{"start":{"line":107,"column":2},"end":{"line":107,"column":18}},"43":{"start":{"line":110,"column":0},"end":{"line":122,"column":2}},"44":{"start":{"line":111,"column":2},"end":{"line":111,"column":68}},"45":{"start":{"line":114,"column":2},"end":{"line":119,"column":5}},"46":{"start":{"line":121,"column":2},"end":{"line":121,"column":18}},"47":{"start":{"line":124,"column":0},"end":{"line":134,"column":2}},"48":{"start":{"line":125,"column":2},"end":{"line":125,"column":68}},"49":{"start":{"line":127,"column":2},"end":{"line":127,"column":31}},"50":{"start":{"line":128,"column":2},"end":{"line":128,"column":29}},"51":{"start":{"line":129,"column":2},"end":{"line":129,"column":55}},"52":{"start":{"line":131,"column":2},"end":{"line":131,"column":63}},"53":{"start":{"line":133,"column":2},"end":{"line":133,"column":18}},"54":{"start":{"line":136,"column":0},"end":{"line":140,"column":1}},"55":{"start":{"line":137,"column":2},"end":{"line":139,"column":5}},"56":{"start":{"line":142,"column":0},"end":{"line":156,"column":1}},"57":{"start":{"line":143,"column":2},"end":{"line":143,"column":25}},"58":{"start":{"line":147,"column":2},"end":{"line":147,"column":18}},"59":{"start":{"line":148,"column":2},"end":{"line":155,"column":5}},"60":{"start":{"line":158,"column":0},"end":{"line":172,"column":1}},"61":{"start":{"line":159,"column":2},"end":{"line":161,"column":5}},"62":{"start":{"line":164,"column":2},"end":{"line":171,"column":5}},"63":{"start":{"line":174,"column":0},"end":{"line":192,"column":1}},"64":{"start":{"line":176,"column":2},"end":{"line":181,"column":5}},"65":{"start":{"line":184,"column":2},"end":{"line":191,"column":5}}},"branchMap":{"1":{"line":24,"type":"if","locations":[{"start":{"line":24,"column":2},"end":{"line":24,"column":2}},{"start":{"line":24,"column":2},"end":{"line":24,"column":2}}]},"2":{"line":35,"type":"if","locations":[{"start":{"line":35,"column":2},"end":{"line":35,"column":2}},{"start":{"line":35,"column":2},"end":{"line":35,"column":2}}]},"3":{"line":152,"type":"binary-expr","locations":[{"start":{"line":152,"column":11},"end":{"line":152,"column":14}},{"start":{"line":152,"column":18},"end":{"line":152,"column":20}}]},"4":{"line":167,"type":"binary-expr","locations":[{"start":{"line":167,"column":27},"end":{"line":167,"column":46}},{"start":{"line":167,"column":50},"end":{"line":167,"column":52}}]},"5":{"line":187,"type":"binary-expr","locations":[{"start":{"line":187,"column":27},"end":{"line":187,"column":46}},{"start":{"line":187,"column":50},"end":{"line":187,"column":52}}]}},"code":["var nodemiral = require('nodemiral');","var fs = require('fs');","var path = require('path');","var util = require('util');","var _ = require('underscore');","","var SCRIPT_DIR = path.resolve(__dirname, '../../scripts/linux');","var TEMPLATES_DIR = path.resolve(__dirname, '../../templates/linux');","","exports.setup = function(config) {","  var taskList = nodemiral.taskList('Setup (linux)');","","  taskList.executeScript('Installing Docker', {","    script: path.resolve(SCRIPT_DIR, 'install-docker.sh')","  });","","  taskList.executeScript('Setting up Environment', {","    script: path.resolve(SCRIPT_DIR, 'setup-env.sh'),","    vars: {","      appName: config.appName","    }","  });","","  if(config.setupMongo) {","    taskList.copy('Copying MongoDB configuration', {","      src: path.resolve(TEMPLATES_DIR, 'mongodb.conf'),","      dest: '/opt/mongodb/mongodb.conf'","    });","","    taskList.executeScript('Installing MongoDB', {","      script: path.resolve(SCRIPT_DIR, 'install-mongodb.sh')","    });","  }","","  if(config.ssl) {","    taskList.copy('Copying SSL certificate bundle', {","      src: config.ssl.certificate,","      dest: '/opt/' + config.appName + '/config/bundle.crt'","    });","","    taskList.copy('Copying SSL private key', {","      src: config.ssl.key,","      dest: '/opt/' + config.appName + '/config/private.key'","    });","","    taskList.executeScript('Verifying SSL configurations', {","      script: path.resolve(SCRIPT_DIR, 'verify-ssl-configurations.sh'),","      vars: {","        appName: config.appName","      }","    });","  }","","  return taskList;","};","","exports.deploy = function(bundlePath, env, config) {","  var deployCheckWaitTime = config.deployCheckWaitTime;","  var appName = config.appName;","  var taskList = nodemiral.taskList(\"Deploy app '\" + appName + \"' (linux)\");","","  taskList.copy('Uploading bundle', {","    src: bundlePath,","    dest: '/opt/' + appName + '/tmp/bundle.tar.gz',","    progressBar: config.enableUploadProgressBar","  });","","  copyEnvVars(taskList, env, appName);","","  taskList.copy('Initializing start script', {","    src: path.resolve(TEMPLATES_DIR, 'start.sh'),","    dest: '/opt/' + appName + '/config/start.sh',","    vars: {","      appName: appName,","      useLocalMongo: config.setupMongo,","      port: env.PORT,","      sslConfig: config.ssl","    }","  });","","  deployAndVerify(taskList, appName, env.PORT, deployCheckWaitTime);","","  return taskList;","};","","exports.reconfig = function(env, config) {","  var appName = config.appName;","  var deployCheckWaitTime = config.deployCheckWaitTime;","","  var taskList = nodemiral.taskList(\"Updating configurations (linux)\");","","  copyEnvVars(taskList, env, appName);","  startAndVerify(taskList, appName, env.PORT, deployCheckWaitTime);","","  return taskList;","};","","exports.restart = function(config) {","  var taskList = nodemiral.taskList(\"Restarting Application (linux)\");","","  var appName = config.appName;","  var port = config.env.PORT;","  var deployCheckWaitTime = config.deployCheckWaitTime;","","  startAndVerify(taskList, appName, port, deployCheckWaitTime);","","  return taskList;","};","","exports.stop = function(config) {","  var taskList = nodemiral.taskList(\"Stopping Application (linux)\");","","  //stopping","  taskList.executeScript('Stopping app', {","    script: path.resolve(SCRIPT_DIR, 'stop.sh'),","    vars: {","      appName: config.appName","    }","  });","","  return taskList;","};","","exports.start = function(config) {","  var taskList = nodemiral.taskList(\"Starting Application (linux)\");","","  var appName = config.appName;","  var port = config.env.PORT;","  var deployCheckWaitTime = config.deployCheckWaitTime;","","  startAndVerify(taskList, appName, port, deployCheckWaitTime);","","  return taskList;","};","","function installStud(taskList) {","  taskList.executeScript('Installing Stud', {","    script: path.resolve(SCRIPT_DIR, 'install-stud.sh')","  });","}","","function copyEnvVars(taskList, env, appName) {","  var env = _.clone(env);","  // sending PORT to the docker container is useless.","  // It'll run on PORT 80 and we can't override it","  // Changing the port is done via the start.sh script","  delete env.PORT;","  taskList.copy('Sending environment variables', {","    src: path.resolve(TEMPLATES_DIR, 'env.list'),","    dest: '/opt/' + appName + '/config/env.list',","    vars: {","      env: env || {},","      appName: appName","    }","  });","}","","function startAndVerify(taskList, appName, port, deployCheckWaitTime) {","  taskList.execute('Starting app', {","    command: \"bash /opt/\" + appName + \"/config/start.sh\"","  });","","  // verifying deployment","  taskList.executeScript('Verifying deployment', {","    script: path.resolve(SCRIPT_DIR, 'verify-deployment.sh'),","    vars: {","      deployCheckWaitTime: deployCheckWaitTime || 10,","      appName: appName,","      port: port","    }","  });","}","","function deployAndVerify(taskList, appName, port, deployCheckWaitTime) {","  // deploying","  taskList.executeScript('Invoking deployment process', {","    script: path.resolve(SCRIPT_DIR, 'deploy.sh'),","    vars: {","      appName: appName","    }","  });","","  // verifying deployment","  taskList.executeScript('Verifying deployment', {","    script: path.resolve(SCRIPT_DIR, 'verify-deployment.sh'),","    vars: {","      deployCheckWaitTime: deployCheckWaitTime || 10,","      appName: appName,","      port: port","    }","  });","}"],"l":{"1":1,"2":1,"3":1,"4":1,"5":1,"7":1,"8":1,"10":1,"11":0,"13":0,"17":0,"24":0,"25":0,"30":0,"35":0,"36":0,"41":0,"46":0,"54":0,"57":1,"58":0,"59":0,"60":0,"62":0,"68":0,"70":0,"81":0,"83":0,"86":1,"87":0,"88":0,"90":0,"92":0,"93":0,"95":0,"98":1,"99":0,"101":0,"102":0,"103":0,"105":0,"107":0,"110":1,"111":0,"114":0,"121":0,"124":1,"125":0,"127":0,"128":0,"129":0,"131":0,"133":0,"136":1,"137":0,"142":1,"143":0,"147":0,"148":0,"158":1,"159":0,"164":0,"174":1,"176":0,"184":0}}}